<?xml version="1.0" encoding="UTF-8"?>
<!-- Generated by org.testng.reporters.JUnitXMLReporter -->
<testsuite ignored="0" hostname="DESKTOP-6JA79DF" failures="0" tests="5" name="Test" time="414.719" errors="0" timestamp="2022-05-18T15:44:31 IST">
  <testcase classname="com.access.testcases.Audit_tc_1" name="audit" time="50.59"/>
  <testcase classname="com.access.testcases.Audit_tc_2" name="audit" time="54.474"/>
  <testcase classname="com.access.testcases.Audit_tc_3" name="audit" time="65.513"/>
  <testcase classname="com.access.testcases.Audit_tc_4" name="audit" time="91.975"/>
  <testcase classname="com.access.testcases.Audit_tc_5" name="audit" time="53.861"/>
</testsuite> <!-- Test -->
