<?xml version="1.0" encoding="UTF-8"?>
<testng-results ignored="0" total="102" passed="76" failed="26" skipped="0">
  <reporter-output>
  </reporter-output>
  <suite started-at="2022-07-07T18:10:18 IST" name="Suite" finished-at="2022-07-07T20:15:30 IST" duration-ms="7512019">
    <groups>
    </groups>
    <test started-at="2022-07-07T18:10:18 IST" name="Test" finished-at="2022-07-07T20:15:30 IST" duration-ms="7512019">
      <class name="com.access.testcases.Department_tc_52">
        <test-method is-config="true" signature="setup()[pri:0, instance:com.access.testcases.Department_tc_52@448c8166]" started-at="2022-07-07T19:10:26 IST" name="setup" finished-at="2022-07-07T19:10:34 IST" duration-ms="8368" status="PASS">
          <reporter-output>
          </reporter-output>
        </test-method> <!-- setup -->
        <test-method signature="departments()[pri:0, instance:com.access.testcases.Department_tc_52@448c8166]" started-at="2022-07-07T19:10:34 IST" name="departments" finished-at="2022-07-07T19:11:59 IST" duration-ms="85185" status="FAIL">
          <exception class="org.openqa.selenium.NoSuchElementException">
            <message>
              <![CDATA[Timed out after 10 seconds. Unable to locate the element]]>
            </message>
            <full-stacktrace>
              <![CDATA[org.openqa.selenium.NoSuchElementException: Timed out after 10 seconds. Unable to locate the element
at org.openqa.selenium.support.pagefactory.AjaxElementLocator.findElement(AjaxElementLocator.java:99)
at org.openqa.selenium.support.pagefactory.internal.LocatingElementHandler.invoke(LocatingElementHandler.java:39)
at jdk.proxy2/jdk.proxy2.$Proxy14.click(Unknown Source)
at com.access.pageobject.AdmUser.admlink(AdmUser.java:70)
at com.access.testcases.Department_tc_52.departments(Department_tc_52.java:36)
at java.base/jdk.internal.reflect.NativeMethodAccessorImpl.invoke0(Native Method)
at java.base/jdk.internal.reflect.NativeMethodAccessorImpl.invoke(NativeMethodAccessorImpl.java:77)
at java.base/jdk.internal.reflect.DelegatingMethodAccessorImpl.invoke(DelegatingMethodAccessorImpl.java:43)
at java.base/java.lang.reflect.Method.invoke(Method.java:568)
at org.testng.internal.invokers.MethodInvocationHelper.invokeMethod(MethodInvocationHelper.java:135)
at org.testng.internal.invokers.TestInvoker.invokeMethod(TestInvoker.java:673)
at org.testng.internal.invokers.TestInvoker.invokeTestMethod(TestInvoker.java:220)
at org.testng.internal.invokers.MethodRunner.runInSequence(MethodRunner.java:50)
at org.testng.internal.invokers.TestInvoker$MethodInvocationAgent.invoke(TestInvoker.java:945)
at org.testng.internal.invokers.TestInvoker.invokeTestMethods(TestInvoker.java:193)
at org.testng.internal.invokers.TestMethodWorker.invokeTestMethods(TestMethodWorker.java:146)
at org.testng.internal.invokers.TestMethodWorker.run(TestMethodWorker.java:128)
at java.base/java.util.ArrayList.forEach(ArrayList.java:1511)
at org.testng.TestRunner.privateRun(TestRunner.java:808)
at org.testng.TestRunner.run(TestRunner.java:603)
at org.testng.SuiteRunner.runTest(SuiteRunner.java:429)
at org.testng.SuiteRunner.runSequentially(SuiteRunner.java:423)
at org.testng.SuiteRunner.privateRun(SuiteRunner.java:383)
at org.testng.SuiteRunner.run(SuiteRunner.java:326)
at org.testng.SuiteRunnerWorker.runSuite(SuiteRunnerWorker.java:52)
at org.testng.SuiteRunnerWorker.run(SuiteRunnerWorker.java:95)
at org.testng.TestNG.runSuitesSequentially(TestNG.java:1249)
at org.testng.TestNG.runSuitesLocally(TestNG.java:1169)
at org.testng.TestNG.runSuites(TestNG.java:1092)
at org.testng.TestNG.run(TestNG.java:1060)
at org.apache.maven.surefire.testng.TestNGExecutor.run(TestNGExecutor.java:324)
at org.apache.maven.surefire.testng.TestNGXmlTestSuite.execute(TestNGXmlTestSuite.java:74)
at org.apache.maven.surefire.testng.TestNGProvider.invoke(TestNGProvider.java:123)
at org.apache.maven.surefire.booter.ForkedBooter.runSuitesInProcess(ForkedBooter.java:456)
at org.apache.maven.surefire.booter.ForkedBooter.execute(ForkedBooter.java:169)
at org.apache.maven.surefire.booter.ForkedBooter.run(ForkedBooter.java:595)
at org.apache.maven.surefire.booter.ForkedBooter.main(ForkedBooter.java:581)
Caused by: org.openqa.selenium.NoSuchElementException: no such element: Unable to locate element: {"method":"xpath","selector":"//*[@id="registration"]/navbar/header/div/div/div[2]/ul[2]/li/ul/section[3]/li/a"}
  (Session info: chrome=103.0.5060.114)
For documentation on this error, please visit: https://selenium.dev/exceptions/#no_such_element
Build info: version: '4.2.1', revision: 'ac4d0fdd4a'
System info: host: 'DESKTOP-6JA79DF', ip: '192.168.1.19', os.name: 'Windows 10', os.arch: 'amd64', os.version: '10.0', java.version: '17.0.2'
Driver info: org.openqa.selenium.chrome.ChromeDriver
Command: [61085c6b928d7510125ce15a04122908, findElement {using=xpath, value=//*[@id="registration"]/navbar/header/div/div/div[2]/ul[2]/li/ul/section[3]/li/a}]
Capabilities {acceptInsecureCerts: false, browserName: chrome, browserVersion: 103.0.5060.114, chrome: {chromedriverVersion: 102.0.5005.61 (0e59bcc00cc4..., userDataDir: C:\Users\ATM\AppData\Local\...}, goog:chromeOptions: {debuggerAddress: localhost:54298}, networkConnectionEnabled: false, pageLoadStrategy: normal, platformName: WINDOWS, proxy: Proxy(), se:cdp: ws://localhost:54298/devtoo..., se:cdpVersion: 103.0.5060.114, setWindowRect: true, strictFileInteractability: false, timeouts: {implicit: 0, pageLoad: 300000, script: 30000}, unhandledPromptBehavior: dismiss and notify, webauthn:extension:credBlob: true, webauthn:extension:largeBlob: true, webauthn:virtualAuthenticators: true}
Session ID: 61085c6b928d7510125ce15a04122908
at java.base/jdk.internal.reflect.NativeConstructorAccessorImpl.newInstance0(Native Method)
at java.base/jdk.internal.reflect.NativeConstructorAccessorImpl.newInstance(NativeConstructorAccessorImpl.java:77)
at java.base/jdk.internal.reflect.DelegatingConstructorAccessorImpl.newInstance(DelegatingConstructorAccessorImpl.java:45)
at java.base/java.lang.reflect.Constructor.newInstanceWithCaller(Constructor.java:499)
at java.base/java.lang.reflect.Constructor.newInstance(Constructor.java:480)
at org.openqa.selenium.remote.codec.w3c.W3CHttpResponseCodec.createException(W3CHttpResponseCodec.java:200)
at org.openqa.selenium.remote.codec.w3c.W3CHttpResponseCodec.decode(W3CHttpResponseCodec.java:133)
at org.openqa.selenium.remote.codec.w3c.W3CHttpResponseCodec.decode(W3CHttpResponseCodec.java:53)
at org.openqa.selenium.remote.HttpCommandExecutor.execute(HttpCommandExecutor.java:184)
at org.openqa.selenium.remote.service.DriverCommandExecutor.invokeExecute(DriverCommandExecutor.java:167)
at org.openqa.selenium.remote.service.DriverCommandExecutor.execute(DriverCommandExecutor.java:142)
at org.openqa.selenium.remote.RemoteWebDriver.execute(RemoteWebDriver.java:551)
at org.openqa.selenium.remote.ElementLocation$ElementFinder$2.findElement(ElementLocation.java:162)
at org.openqa.selenium.remote.ElementLocation.findElement(ElementLocation.java:60)
at org.openqa.selenium.remote.RemoteWebDriver.findElement(RemoteWebDriver.java:369)
at org.openqa.selenium.remote.RemoteWebDriver.findElement(RemoteWebDriver.java:361)
at org.openqa.selenium.support.pagefactory.DefaultElementLocator.findElement(DefaultElementLocator.java:70)
at org.openqa.selenium.support.pagefactory.AjaxElementLocator.access$001(AjaxElementLocator.java:39)
at org.openqa.selenium.support.pagefactory.AjaxElementLocator$SlowLoadingElement.isLoaded(AjaxElementLocator.java:165)
at org.openqa.selenium.support.ui.SlowLoadableComponent.get(SlowLoadableComponent.java:72)
at org.openqa.selenium.support.pagefactory.AjaxElementLocator.findElement(AjaxElementLocator.java:95)
... 36 more
]]>
            </full-stacktrace>
          </exception> <!-- org.openqa.selenium.NoSuchElementException -->
          <reporter-output>
          </reporter-output>
        </test-method> <!-- departments -->
        <test-method is-config="true" signature="tearDown()[pri:0, instance:com.access.testcases.Department_tc_52@448c8166]" started-at="2022-07-07T19:11:59 IST" name="tearDown" finished-at="2022-07-07T19:12:00 IST" duration-ms="350" status="PASS">
          <reporter-output>
          </reporter-output>
        </test-method> <!-- tearDown -->
      </class> <!-- com.access.testcases.Department_tc_52 -->
      <class name="com.access.testcases.Department_tc_53">
        <test-method is-config="true" signature="setup()[pri:0, instance:com.access.testcases.Department_tc_53@4470fbd6]" started-at="2022-07-07T19:12:00 IST" name="setup" finished-at="2022-07-07T19:12:10 IST" duration-ms="9906" status="PASS">
          <reporter-output>
          </reporter-output>
        </test-method> <!-- setup -->
        <test-method signature="departments()[pri:0, instance:com.access.testcases.Department_tc_53@4470fbd6]" started-at="2022-07-07T19:12:10 IST" name="departments" finished-at="2022-07-07T19:13:45 IST" duration-ms="95197" status="FAIL">
          <exception class="org.openqa.selenium.NoSuchWindowException">
            <message>
              <![CDATA[no such window: target window already closed
from unknown error: web view not found
  (Session info: chrome=103.0.5060.114)
Build info: version: '4.2.1', revision: 'ac4d0fdd4a'
System info: host: 'DESKTOP-6JA79DF', ip: '192.168.1.19', os.name: 'Windows 10', os.arch: 'amd64', os.version: '10.0', java.version: '17.0.2'
Driver info: org.openqa.selenium.chrome.ChromeDriver
Command: [5c1d6df88de5e4894ae8cfdbb0bdcceb, findElement {using=xpath, value=//*[@id="dash"]/main/div[1]/dash1/dash-item[6]/section/div/section/article[2]/button}]
Capabilities {acceptInsecureCerts: false, browserName: chrome, browserVersion: 103.0.5060.114, chrome: {chromedriverVersion: 102.0.5005.61 (0e59bcc00cc4..., userDataDir: C:\Users\ATM\AppData\Local\...}, goog:chromeOptions: {debuggerAddress: localhost:54390}, networkConnectionEnabled: false, pageLoadStrategy: normal, platformName: WINDOWS, proxy: Proxy(), se:cdp: ws://localhost:54390/devtoo..., se:cdpVersion: 103.0.5060.114, setWindowRect: true, strictFileInteractability: false, timeouts: {implicit: 0, pageLoad: 300000, script: 30000}, unhandledPromptBehavior: dismiss and notify, webauthn:extension:credBlob: true, webauthn:extension:largeBlob: true, webauthn:virtualAuthenticators: true}
Session ID: 5c1d6df88de5e4894ae8cfdbb0bdcceb]]>
            </message>
            <full-stacktrace>
              <![CDATA[org.openqa.selenium.NoSuchWindowException: no such window: target window already closed
from unknown error: web view not found
  (Session info: chrome=103.0.5060.114)
Build info: version: '4.2.1', revision: 'ac4d0fdd4a'
System info: host: 'DESKTOP-6JA79DF', ip: '192.168.1.19', os.name: 'Windows 10', os.arch: 'amd64', os.version: '10.0', java.version: '17.0.2'
Driver info: org.openqa.selenium.chrome.ChromeDriver
Command: [5c1d6df88de5e4894ae8cfdbb0bdcceb, findElement {using=xpath, value=//*[@id="dash"]/main/div[1]/dash1/dash-item[6]/section/div/section/article[2]/button}]
Capabilities {acceptInsecureCerts: false, browserName: chrome, browserVersion: 103.0.5060.114, chrome: {chromedriverVersion: 102.0.5005.61 (0e59bcc00cc4..., userDataDir: C:\Users\ATM\AppData\Local\...}, goog:chromeOptions: {debuggerAddress: localhost:54390}, networkConnectionEnabled: false, pageLoadStrategy: normal, platformName: WINDOWS, proxy: Proxy(), se:cdp: ws://localhost:54390/devtoo..., se:cdpVersion: 103.0.5060.114, setWindowRect: true, strictFileInteractability: false, timeouts: {implicit: 0, pageLoad: 300000, script: 30000}, unhandledPromptBehavior: dismiss and notify, webauthn:extension:credBlob: true, webauthn:extension:largeBlob: true, webauthn:virtualAuthenticators: true}
Session ID: 5c1d6df88de5e4894ae8cfdbb0bdcceb
at java.base/jdk.internal.reflect.NativeConstructorAccessorImpl.newInstance0(Native Method)
at java.base/jdk.internal.reflect.NativeConstructorAccessorImpl.newInstance(NativeConstructorAccessorImpl.java:77)
at java.base/jdk.internal.reflect.DelegatingConstructorAccessorImpl.newInstance(DelegatingConstructorAccessorImpl.java:45)
at java.base/java.lang.reflect.Constructor.newInstanceWithCaller(Constructor.java:499)
at java.base/java.lang.reflect.Constructor.newInstance(Constructor.java:480)
at org.openqa.selenium.remote.codec.w3c.W3CHttpResponseCodec.createException(W3CHttpResponseCodec.java:200)
at org.openqa.selenium.remote.codec.w3c.W3CHttpResponseCodec.decode(W3CHttpResponseCodec.java:133)
at org.openqa.selenium.remote.codec.w3c.W3CHttpResponseCodec.decode(W3CHttpResponseCodec.java:53)
at org.openqa.selenium.remote.HttpCommandExecutor.execute(HttpCommandExecutor.java:184)
at org.openqa.selenium.remote.service.DriverCommandExecutor.invokeExecute(DriverCommandExecutor.java:167)
at org.openqa.selenium.remote.service.DriverCommandExecutor.execute(DriverCommandExecutor.java:142)
at org.openqa.selenium.remote.RemoteWebDriver.execute(RemoteWebDriver.java:551)
at org.openqa.selenium.remote.ElementLocation$ElementFinder$2.findElement(ElementLocation.java:162)
at org.openqa.selenium.remote.ElementLocation.findElement(ElementLocation.java:60)
at org.openqa.selenium.remote.RemoteWebDriver.findElement(RemoteWebDriver.java:369)
at org.openqa.selenium.remote.RemoteWebDriver.findElement(RemoteWebDriver.java:361)
at org.openqa.selenium.support.pagefactory.DefaultElementLocator.findElement(DefaultElementLocator.java:70)
at org.openqa.selenium.support.pagefactory.AjaxElementLocator.access$001(AjaxElementLocator.java:39)
at org.openqa.selenium.support.pagefactory.AjaxElementLocator$SlowLoadingElement.isLoaded(AjaxElementLocator.java:165)
at org.openqa.selenium.support.ui.SlowLoadableComponent.get(SlowLoadableComponent.java:72)
at org.openqa.selenium.support.pagefactory.AjaxElementLocator.findElement(AjaxElementLocator.java:95)
at org.openqa.selenium.support.pagefactory.internal.LocatingElementHandler.invoke(LocatingElementHandler.java:39)
at jdk.proxy2/jdk.proxy2.$Proxy14.click(Unknown Source)
at com.access.pageobject.Departments.parkinglotviewdtl(Departments.java:1915)
at com.access.testcases.Department_tc_53.departments(Department_tc_53.java:58)
at java.base/jdk.internal.reflect.NativeMethodAccessorImpl.invoke0(Native Method)
at java.base/jdk.internal.reflect.NativeMethodAccessorImpl.invoke(NativeMethodAccessorImpl.java:77)
at java.base/jdk.internal.reflect.DelegatingMethodAccessorImpl.invoke(DelegatingMethodAccessorImpl.java:43)
at java.base/java.lang.reflect.Method.invoke(Method.java:568)
at org.testng.internal.invokers.MethodInvocationHelper.invokeMethod(MethodInvocationHelper.java:135)
at org.testng.internal.invokers.TestInvoker.invokeMethod(TestInvoker.java:673)
at org.testng.internal.invokers.TestInvoker.invokeTestMethod(TestInvoker.java:220)
at org.testng.internal.invokers.MethodRunner.runInSequence(MethodRunner.java:50)
at org.testng.internal.invokers.TestInvoker$MethodInvocationAgent.invoke(TestInvoker.java:945)
at org.testng.internal.invokers.TestInvoker.invokeTestMethods(TestInvoker.java:193)
at org.testng.internal.invokers.TestMethodWorker.invokeTestMethods(TestMethodWorker.java:146)
at org.testng.internal.invokers.TestMethodWorker.run(TestMethodWorker.java:128)
at java.base/java.util.ArrayList.forEach(ArrayList.java:1511)
at org.testng.TestRunner.privateRun(TestRunner.java:808)
at org.testng.TestRunner.run(TestRunner.java:603)
at org.testng.SuiteRunner.runTest(SuiteRunner.java:429)
at org.testng.SuiteRunner.runSequentially(SuiteRunner.java:423)
at org.testng.SuiteRunner.privateRun(SuiteRunner.java:383)
at org.testng.SuiteRunner.run(SuiteRunner.java:326)
at org.testng.SuiteRunnerWorker.runSuite(SuiteRunnerWorker.java:52)
at org.testng.SuiteRunnerWorker.run(SuiteRunnerWorker.java:95)
at org.testng.TestNG.runSuitesSequentially(TestNG.java:1249)
at org.testng.TestNG.runSuitesLocally(TestNG.java:1169)
at org.testng.TestNG.runSuites(TestNG.java:1092)
at org.testng.TestNG.run(TestNG.java:1060)
at org.apache.maven.surefire.testng.TestNGExecutor.run(TestNGExecutor.java:324)
at org.apache.maven.surefire.testng.TestNGXmlTestSuite.execute(TestNGXmlTestSuite.java:74)
at org.apache.maven.surefire.testng.TestNGProvider.invoke(TestNGProvider.java:123)
at org.apache.maven.surefire.booter.ForkedBooter.runSuitesInProcess(ForkedBooter.java:456)
at org.apache.maven.surefire.booter.ForkedBooter.execute(ForkedBooter.java:169)
at org.apache.maven.surefire.booter.ForkedBooter.run(ForkedBooter.java:595)
at org.apache.maven.surefire.booter.ForkedBooter.main(ForkedBooter.java:581)
]]>
            </full-stacktrace>
          </exception> <!-- org.openqa.selenium.NoSuchWindowException -->
          <reporter-output>
          </reporter-output>
        </test-method> <!-- departments -->
        <test-method is-config="true" signature="tearDown()[pri:0, instance:com.access.testcases.Department_tc_53@4470fbd6]" started-at="2022-07-07T19:13:45 IST" name="tearDown" finished-at="2022-07-07T19:13:45 IST" duration-ms="241" status="PASS">
          <reporter-output>
          </reporter-output>
        </test-method> <!-- tearDown -->
      </class> <!-- com.access.testcases.Department_tc_53 -->
      <class name="com.access.testcases.Department_tc_50">
        <test-method is-config="true" signature="setup()[pri:0, instance:com.access.testcases.Department_tc_50@78452606]" started-at="2022-07-07T19:07:59 IST" name="setup" finished-at="2022-07-07T19:08:08 IST" duration-ms="9142" status="PASS">
          <reporter-output>
          </reporter-output>
        </test-method> <!-- setup -->
        <test-method signature="departments()[pri:0, instance:com.access.testcases.Department_tc_50@78452606]" started-at="2022-07-07T19:08:08 IST" name="departments" finished-at="2022-07-07T19:09:06 IST" duration-ms="58144" status="PASS">
          <reporter-output>
          </reporter-output>
        </test-method> <!-- departments -->
        <test-method is-config="true" signature="tearDown()[pri:0, instance:com.access.testcases.Department_tc_50@78452606]" started-at="2022-07-07T19:09:06 IST" name="tearDown" finished-at="2022-07-07T19:09:06 IST" duration-ms="315" status="PASS">
          <reporter-output>
          </reporter-output>
        </test-method> <!-- tearDown -->
      </class> <!-- com.access.testcases.Department_tc_50 -->
      <class name="com.access.testcases.Department_tc_51">
        <test-method is-config="true" signature="setup()[pri:0, instance:com.access.testcases.Department_tc_51@147e2ae7]" started-at="2022-07-07T19:09:06 IST" name="setup" finished-at="2022-07-07T19:09:15 IST" duration-ms="8496" status="PASS">
          <reporter-output>
          </reporter-output>
        </test-method> <!-- setup -->
        <test-method signature="departments()[pri:0, instance:com.access.testcases.Department_tc_51@147e2ae7]" started-at="2022-07-07T19:09:15 IST" name="departments" finished-at="2022-07-07T19:10:26 IST" duration-ms="70692" status="PASS">
          <reporter-output>
          </reporter-output>
        </test-method> <!-- departments -->
        <test-method is-config="true" signature="tearDown()[pri:0, instance:com.access.testcases.Department_tc_51@147e2ae7]" started-at="2022-07-07T19:10:26 IST" name="tearDown" finished-at="2022-07-07T19:10:26 IST" duration-ms="314" status="PASS">
          <reporter-output>
          </reporter-output>
        </test-method> <!-- tearDown -->
      </class> <!-- com.access.testcases.Department_tc_51 -->
      <class name="com.access.testcases.Department_tc_56">
        <test-method is-config="true" signature="setup()[pri:0, instance:com.access.testcases.Department_tc_56@503f91c3]" started-at="2022-07-07T19:17:24 IST" name="setup" finished-at="2022-07-07T19:17:43 IST" duration-ms="18096" status="PASS">
          <reporter-output>
          </reporter-output>
        </test-method> <!-- setup -->
        <test-method signature="departments()[pri:0, instance:com.access.testcases.Department_tc_56@503f91c3]" started-at="2022-07-07T19:17:43 IST" name="departments" finished-at="2022-07-07T19:18:42 IST" duration-ms="59323" status="PASS">
          <reporter-output>
          </reporter-output>
        </test-method> <!-- departments -->
        <test-method is-config="true" signature="tearDown()[pri:0, instance:com.access.testcases.Department_tc_56@503f91c3]" started-at="2022-07-07T19:18:42 IST" name="tearDown" finished-at="2022-07-07T19:18:42 IST" duration-ms="295" status="PASS">
          <reporter-output>
          </reporter-output>
        </test-method> <!-- tearDown -->
      </class> <!-- com.access.testcases.Department_tc_56 -->
      <class name="com.access.testcases.Department_Reg_tc_86">
        <test-method is-config="true" signature="setup()[pri:0, instance:com.access.testcases.Department_Reg_tc_86@6cc4cdb9]" started-at="2022-07-07T19:52:19 IST" name="setup" finished-at="2022-07-07T19:52:31 IST" duration-ms="12203" status="PASS">
          <reporter-output>
          </reporter-output>
        </test-method> <!-- setup -->
        <test-method signature="departments()[pri:0, instance:com.access.testcases.Department_Reg_tc_86@6cc4cdb9]" started-at="2022-07-07T19:52:31 IST" name="departments" finished-at="2022-07-07T19:53:52 IST" duration-ms="81106" status="PASS">
          <reporter-output>
          </reporter-output>
        </test-method> <!-- departments -->
        <test-method is-config="true" signature="tearDown()[pri:0, instance:com.access.testcases.Department_Reg_tc_86@6cc4cdb9]" started-at="2022-07-07T19:53:52 IST" name="tearDown" finished-at="2022-07-07T19:53:53 IST" duration-ms="327" status="PASS">
          <reporter-output>
          </reporter-output>
        </test-method> <!-- tearDown -->
      </class> <!-- com.access.testcases.Department_Reg_tc_86 -->
      <class name="com.access.testcases.Department_pop_tc_71">
        <test-method is-config="true" signature="setup()[pri:0, instance:com.access.testcases.Department_pop_tc_71@7068e664]" started-at="2022-07-07T19:37:36 IST" name="setup" finished-at="2022-07-07T19:37:50 IST" duration-ms="14240" status="PASS">
          <reporter-output>
          </reporter-output>
        </test-method> <!-- setup -->
        <test-method signature="departments()[pri:0, instance:com.access.testcases.Department_pop_tc_71@7068e664]" started-at="2022-07-07T19:37:50 IST" name="departments" finished-at="2022-07-07T19:38:13 IST" duration-ms="22641" status="FAIL">
          <exception class="org.openqa.selenium.StaleElementReferenceException">
            <message>
              <![CDATA[stale element reference: element is not attached to the page document
  (Session info: chrome=103.0.5060.114)
For documentation on this error, please visit: https://selenium.dev/exceptions/#stale_element_reference
Build info: version: '4.2.1', revision: 'ac4d0fdd4a'
System info: host: 'DESKTOP-6JA79DF', ip: '192.168.1.19', os.name: 'Windows 10', os.arch: 'amd64', os.version: '10.0', java.version: '17.0.2'
Driver info: org.openqa.selenium.chrome.ChromeDriver
Command: [552842cbed116dbdd6e6ee40cbbcd6e9, clickElement {id=604a9932-5d60-49aa-9322-daadc25ab88f}]
Capabilities {acceptInsecureCerts: false, browserName: chrome, browserVersion: 103.0.5060.114, chrome: {chromedriverVersion: 102.0.5005.61 (0e59bcc00cc4..., userDataDir: C:\Users\ATM\AppData\Local\...}, goog:chromeOptions: {debuggerAddress: localhost:49754}, networkConnectionEnabled: false, pageLoadStrategy: normal, platformName: WINDOWS, proxy: Proxy(), se:cdp: ws://localhost:49754/devtoo..., se:cdpVersion: 103.0.5060.114, setWindowRect: true, strictFileInteractability: false, timeouts: {implicit: 0, pageLoad: 300000, script: 30000}, unhandledPromptBehavior: dismiss and notify, webauthn:extension:credBlob: true, webauthn:extension:largeBlob: true, webauthn:virtualAuthenticators: true}
Element: [[ChromeDriver: chrome on WINDOWS (552842cbed116dbdd6e6ee40cbbcd6e9)] -> xpath: /html/body/navbar/header/div/div/div[2]/ul[1]/li[2]/a]
Session ID: 552842cbed116dbdd6e6ee40cbbcd6e9]]>
            </message>
            <full-stacktrace>
              <![CDATA[org.openqa.selenium.StaleElementReferenceException: stale element reference: element is not attached to the page document
  (Session info: chrome=103.0.5060.114)
For documentation on this error, please visit: https://selenium.dev/exceptions/#stale_element_reference
Build info: version: '4.2.1', revision: 'ac4d0fdd4a'
System info: host: 'DESKTOP-6JA79DF', ip: '192.168.1.19', os.name: 'Windows 10', os.arch: 'amd64', os.version: '10.0', java.version: '17.0.2'
Driver info: org.openqa.selenium.chrome.ChromeDriver
Command: [552842cbed116dbdd6e6ee40cbbcd6e9, clickElement {id=604a9932-5d60-49aa-9322-daadc25ab88f}]
Capabilities {acceptInsecureCerts: false, browserName: chrome, browserVersion: 103.0.5060.114, chrome: {chromedriverVersion: 102.0.5005.61 (0e59bcc00cc4..., userDataDir: C:\Users\ATM\AppData\Local\...}, goog:chromeOptions: {debuggerAddress: localhost:49754}, networkConnectionEnabled: false, pageLoadStrategy: normal, platformName: WINDOWS, proxy: Proxy(), se:cdp: ws://localhost:49754/devtoo..., se:cdpVersion: 103.0.5060.114, setWindowRect: true, strictFileInteractability: false, timeouts: {implicit: 0, pageLoad: 300000, script: 30000}, unhandledPromptBehavior: dismiss and notify, webauthn:extension:credBlob: true, webauthn:extension:largeBlob: true, webauthn:virtualAuthenticators: true}
Element: [[ChromeDriver: chrome on WINDOWS (552842cbed116dbdd6e6ee40cbbcd6e9)] -> xpath: /html/body/navbar/header/div/div/div[2]/ul[1]/li[2]/a]
Session ID: 552842cbed116dbdd6e6ee40cbbcd6e9
at java.base/jdk.internal.reflect.NativeConstructorAccessorImpl.newInstance0(Native Method)
at java.base/jdk.internal.reflect.NativeConstructorAccessorImpl.newInstance(NativeConstructorAccessorImpl.java:77)
at java.base/jdk.internal.reflect.DelegatingConstructorAccessorImpl.newInstance(DelegatingConstructorAccessorImpl.java:45)
at java.base/java.lang.reflect.Constructor.newInstanceWithCaller(Constructor.java:499)
at java.base/java.lang.reflect.Constructor.newInstance(Constructor.java:480)
at org.openqa.selenium.remote.codec.w3c.W3CHttpResponseCodec.createException(W3CHttpResponseCodec.java:200)
at org.openqa.selenium.remote.codec.w3c.W3CHttpResponseCodec.decode(W3CHttpResponseCodec.java:133)
at org.openqa.selenium.remote.codec.w3c.W3CHttpResponseCodec.decode(W3CHttpResponseCodec.java:53)
at org.openqa.selenium.remote.HttpCommandExecutor.execute(HttpCommandExecutor.java:184)
at org.openqa.selenium.remote.service.DriverCommandExecutor.invokeExecute(DriverCommandExecutor.java:167)
at org.openqa.selenium.remote.service.DriverCommandExecutor.execute(DriverCommandExecutor.java:142)
at org.openqa.selenium.remote.RemoteWebDriver.execute(RemoteWebDriver.java:551)
at org.openqa.selenium.remote.RemoteWebElement.execute(RemoteWebElement.java:257)
at org.openqa.selenium.remote.RemoteWebElement.click(RemoteWebElement.java:78)
at jdk.internal.reflect.GeneratedMethodAccessor1.invoke(Unknown Source)
at java.base/jdk.internal.reflect.DelegatingMethodAccessorImpl.invoke(DelegatingMethodAccessorImpl.java:43)
at java.base/java.lang.reflect.Method.invoke(Method.java:568)
at org.openqa.selenium.support.pagefactory.internal.LocatingElementHandler.invoke(LocatingElementHandler.java:52)
at jdk.proxy2/jdk.proxy2.$Proxy14.click(Unknown Source)
at com.access.pageobject.AdmUser.registration(AdmUser.java:464)
at com.access.testcases.Department_pop_tc_71.departments(Department_pop_tc_71.java:33)
at java.base/jdk.internal.reflect.NativeMethodAccessorImpl.invoke0(Native Method)
at java.base/jdk.internal.reflect.NativeMethodAccessorImpl.invoke(NativeMethodAccessorImpl.java:77)
at java.base/jdk.internal.reflect.DelegatingMethodAccessorImpl.invoke(DelegatingMethodAccessorImpl.java:43)
at java.base/java.lang.reflect.Method.invoke(Method.java:568)
at org.testng.internal.invokers.MethodInvocationHelper.invokeMethod(MethodInvocationHelper.java:135)
at org.testng.internal.invokers.TestInvoker.invokeMethod(TestInvoker.java:673)
at org.testng.internal.invokers.TestInvoker.invokeTestMethod(TestInvoker.java:220)
at org.testng.internal.invokers.MethodRunner.runInSequence(MethodRunner.java:50)
at org.testng.internal.invokers.TestInvoker$MethodInvocationAgent.invoke(TestInvoker.java:945)
at org.testng.internal.invokers.TestInvoker.invokeTestMethods(TestInvoker.java:193)
at org.testng.internal.invokers.TestMethodWorker.invokeTestMethods(TestMethodWorker.java:146)
at org.testng.internal.invokers.TestMethodWorker.run(TestMethodWorker.java:128)
at java.base/java.util.ArrayList.forEach(ArrayList.java:1511)
at org.testng.TestRunner.privateRun(TestRunner.java:808)
at org.testng.TestRunner.run(TestRunner.java:603)
at org.testng.SuiteRunner.runTest(SuiteRunner.java:429)
at org.testng.SuiteRunner.runSequentially(SuiteRunner.java:423)
at org.testng.SuiteRunner.privateRun(SuiteRunner.java:383)
at org.testng.SuiteRunner.run(SuiteRunner.java:326)
at org.testng.SuiteRunnerWorker.runSuite(SuiteRunnerWorker.java:52)
at org.testng.SuiteRunnerWorker.run(SuiteRunnerWorker.java:95)
at org.testng.TestNG.runSuitesSequentially(TestNG.java:1249)
at org.testng.TestNG.runSuitesLocally(TestNG.java:1169)
at org.testng.TestNG.runSuites(TestNG.java:1092)
at org.testng.TestNG.run(TestNG.java:1060)
at org.apache.maven.surefire.testng.TestNGExecutor.run(TestNGExecutor.java:324)
at org.apache.maven.surefire.testng.TestNGXmlTestSuite.execute(TestNGXmlTestSuite.java:74)
at org.apache.maven.surefire.testng.TestNGProvider.invoke(TestNGProvider.java:123)
at org.apache.maven.surefire.booter.ForkedBooter.runSuitesInProcess(ForkedBooter.java:456)
at org.apache.maven.surefire.booter.ForkedBooter.execute(ForkedBooter.java:169)
at org.apache.maven.surefire.booter.ForkedBooter.run(ForkedBooter.java:595)
at org.apache.maven.surefire.booter.ForkedBooter.main(ForkedBooter.java:581)
]]>
            </full-stacktrace>
          </exception> <!-- org.openqa.selenium.StaleElementReferenceException -->
          <reporter-output>
          </reporter-output>
        </test-method> <!-- departments -->
        <test-method is-config="true" signature="tearDown()[pri:0, instance:com.access.testcases.Department_pop_tc_71@7068e664]" started-at="2022-07-07T19:38:13 IST" name="tearDown" finished-at="2022-07-07T19:38:14 IST" duration-ms="1112" status="PASS">
          <reporter-output>
          </reporter-output>
        </test-method> <!-- tearDown -->
      </class> <!-- com.access.testcases.Department_pop_tc_71 -->
      <class name="com.access.testcases.Department_Reg_tc_87">
        <test-method is-config="true" signature="setup()[pri:0, instance:com.access.testcases.Department_Reg_tc_87@28194a50]" started-at="2022-07-07T19:53:53 IST" name="setup" finished-at="2022-07-07T19:54:02 IST" duration-ms="9180" status="PASS">
          <reporter-output>
          </reporter-output>
        </test-method> <!-- setup -->
        <test-method signature="departments()[pri:0, instance:com.access.testcases.Department_Reg_tc_87@28194a50]" started-at="2022-07-07T19:54:02 IST" name="departments" finished-at="2022-07-07T19:54:57 IST" duration-ms="54859" status="FAIL">
          <exception class="org.openqa.selenium.NoSuchWindowException">
            <message>
              <![CDATA[no such window: target window already closed
from unknown error: web view not found
  (Session info: chrome=103.0.5060.114)
Build info: version: '4.2.1', revision: 'ac4d0fdd4a'
System info: host: 'DESKTOP-6JA79DF', ip: '192.168.1.19', os.name: 'Windows 10', os.arch: 'amd64', os.version: '10.0', java.version: '17.0.2'
Driver info: org.openqa.selenium.chrome.ChromeDriver
Command: [7e80030d7d2ec8432254b773a46df92e, findElement {using=xpath, value=//*[@id="registration"]/navbar/header/div/div/div[2]/ul[2]/li/ul/section[3]/li/a}]
Capabilities {acceptInsecureCerts: false, browserName: chrome, browserVersion: 103.0.5060.114, chrome: {chromedriverVersion: 102.0.5005.61 (0e59bcc00cc4..., userDataDir: C:\Users\ATM\AppData\Local\...}, goog:chromeOptions: {debuggerAddress: localhost:51095}, networkConnectionEnabled: false, pageLoadStrategy: normal, platformName: WINDOWS, proxy: Proxy(), se:cdp: ws://localhost:51095/devtoo..., se:cdpVersion: 103.0.5060.114, setWindowRect: true, strictFileInteractability: false, timeouts: {implicit: 0, pageLoad: 300000, script: 30000}, unhandledPromptBehavior: dismiss and notify, webauthn:extension:credBlob: true, webauthn:extension:largeBlob: true, webauthn:virtualAuthenticators: true}
Session ID: 7e80030d7d2ec8432254b773a46df92e]]>
            </message>
            <full-stacktrace>
              <![CDATA[org.openqa.selenium.NoSuchWindowException: no such window: target window already closed
from unknown error: web view not found
  (Session info: chrome=103.0.5060.114)
Build info: version: '4.2.1', revision: 'ac4d0fdd4a'
System info: host: 'DESKTOP-6JA79DF', ip: '192.168.1.19', os.name: 'Windows 10', os.arch: 'amd64', os.version: '10.0', java.version: '17.0.2'
Driver info: org.openqa.selenium.chrome.ChromeDriver
Command: [7e80030d7d2ec8432254b773a46df92e, findElement {using=xpath, value=//*[@id="registration"]/navbar/header/div/div/div[2]/ul[2]/li/ul/section[3]/li/a}]
Capabilities {acceptInsecureCerts: false, browserName: chrome, browserVersion: 103.0.5060.114, chrome: {chromedriverVersion: 102.0.5005.61 (0e59bcc00cc4..., userDataDir: C:\Users\ATM\AppData\Local\...}, goog:chromeOptions: {debuggerAddress: localhost:51095}, networkConnectionEnabled: false, pageLoadStrategy: normal, platformName: WINDOWS, proxy: Proxy(), se:cdp: ws://localhost:51095/devtoo..., se:cdpVersion: 103.0.5060.114, setWindowRect: true, strictFileInteractability: false, timeouts: {implicit: 0, pageLoad: 300000, script: 30000}, unhandledPromptBehavior: dismiss and notify, webauthn:extension:credBlob: true, webauthn:extension:largeBlob: true, webauthn:virtualAuthenticators: true}
Session ID: 7e80030d7d2ec8432254b773a46df92e
at java.base/jdk.internal.reflect.NativeConstructorAccessorImpl.newInstance0(Native Method)
at java.base/jdk.internal.reflect.NativeConstructorAccessorImpl.newInstance(NativeConstructorAccessorImpl.java:77)
at java.base/jdk.internal.reflect.DelegatingConstructorAccessorImpl.newInstance(DelegatingConstructorAccessorImpl.java:45)
at java.base/java.lang.reflect.Constructor.newInstanceWithCaller(Constructor.java:499)
at java.base/java.lang.reflect.Constructor.newInstance(Constructor.java:480)
at org.openqa.selenium.remote.codec.w3c.W3CHttpResponseCodec.createException(W3CHttpResponseCodec.java:200)
at org.openqa.selenium.remote.codec.w3c.W3CHttpResponseCodec.decode(W3CHttpResponseCodec.java:133)
at org.openqa.selenium.remote.codec.w3c.W3CHttpResponseCodec.decode(W3CHttpResponseCodec.java:53)
at org.openqa.selenium.remote.HttpCommandExecutor.execute(HttpCommandExecutor.java:184)
at org.openqa.selenium.remote.service.DriverCommandExecutor.invokeExecute(DriverCommandExecutor.java:167)
at org.openqa.selenium.remote.service.DriverCommandExecutor.execute(DriverCommandExecutor.java:142)
at org.openqa.selenium.remote.RemoteWebDriver.execute(RemoteWebDriver.java:551)
at org.openqa.selenium.remote.ElementLocation$ElementFinder$2.findElement(ElementLocation.java:162)
at org.openqa.selenium.remote.ElementLocation.findElement(ElementLocation.java:60)
at org.openqa.selenium.remote.RemoteWebDriver.findElement(RemoteWebDriver.java:369)
at org.openqa.selenium.remote.RemoteWebDriver.findElement(RemoteWebDriver.java:361)
at org.openqa.selenium.support.pagefactory.DefaultElementLocator.findElement(DefaultElementLocator.java:70)
at org.openqa.selenium.support.pagefactory.AjaxElementLocator.access$001(AjaxElementLocator.java:39)
at org.openqa.selenium.support.pagefactory.AjaxElementLocator$SlowLoadingElement.isLoaded(AjaxElementLocator.java:165)
at org.openqa.selenium.support.ui.SlowLoadableComponent.get(SlowLoadableComponent.java:72)
at org.openqa.selenium.support.pagefactory.AjaxElementLocator.findElement(AjaxElementLocator.java:95)
at org.openqa.selenium.support.pagefactory.internal.LocatingElementHandler.invoke(LocatingElementHandler.java:39)
at jdk.proxy2/jdk.proxy2.$Proxy14.click(Unknown Source)
at com.access.pageobject.AdmUser.admlink(AdmUser.java:70)
at com.access.testcases.Department_Reg_tc_87.departments(Department_Reg_tc_87.java:37)
at java.base/jdk.internal.reflect.NativeMethodAccessorImpl.invoke0(Native Method)
at java.base/jdk.internal.reflect.NativeMethodAccessorImpl.invoke(NativeMethodAccessorImpl.java:77)
at java.base/jdk.internal.reflect.DelegatingMethodAccessorImpl.invoke(DelegatingMethodAccessorImpl.java:43)
at java.base/java.lang.reflect.Method.invoke(Method.java:568)
at org.testng.internal.invokers.MethodInvocationHelper.invokeMethod(MethodInvocationHelper.java:135)
at org.testng.internal.invokers.TestInvoker.invokeMethod(TestInvoker.java:673)
at org.testng.internal.invokers.TestInvoker.invokeTestMethod(TestInvoker.java:220)
at org.testng.internal.invokers.MethodRunner.runInSequence(MethodRunner.java:50)
at org.testng.internal.invokers.TestInvoker$MethodInvocationAgent.invoke(TestInvoker.java:945)
at org.testng.internal.invokers.TestInvoker.invokeTestMethods(TestInvoker.java:193)
at org.testng.internal.invokers.TestMethodWorker.invokeTestMethods(TestMethodWorker.java:146)
at org.testng.internal.invokers.TestMethodWorker.run(TestMethodWorker.java:128)
at java.base/java.util.ArrayList.forEach(ArrayList.java:1511)
at org.testng.TestRunner.privateRun(TestRunner.java:808)
at org.testng.TestRunner.run(TestRunner.java:603)
at org.testng.SuiteRunner.runTest(SuiteRunner.java:429)
at org.testng.SuiteRunner.runSequentially(SuiteRunner.java:423)
at org.testng.SuiteRunner.privateRun(SuiteRunner.java:383)
at org.testng.SuiteRunner.run(SuiteRunner.java:326)
at org.testng.SuiteRunnerWorker.runSuite(SuiteRunnerWorker.java:52)
at org.testng.SuiteRunnerWorker.run(SuiteRunnerWorker.java:95)
at org.testng.TestNG.runSuitesSequentially(TestNG.java:1249)
at org.testng.TestNG.runSuitesLocally(TestNG.java:1169)
at org.testng.TestNG.runSuites(TestNG.java:1092)
at org.testng.TestNG.run(TestNG.java:1060)
at org.apache.maven.surefire.testng.TestNGExecutor.run(TestNGExecutor.java:324)
at org.apache.maven.surefire.testng.TestNGXmlTestSuite.execute(TestNGXmlTestSuite.java:74)
at org.apache.maven.surefire.testng.TestNGProvider.invoke(TestNGProvider.java:123)
at org.apache.maven.surefire.booter.ForkedBooter.runSuitesInProcess(ForkedBooter.java:456)
at org.apache.maven.surefire.booter.ForkedBooter.execute(ForkedBooter.java:169)
at org.apache.maven.surefire.booter.ForkedBooter.run(ForkedBooter.java:595)
at org.apache.maven.surefire.booter.ForkedBooter.main(ForkedBooter.java:581)
]]>
            </full-stacktrace>
          </exception> <!-- org.openqa.selenium.NoSuchWindowException -->
          <reporter-output>
          </reporter-output>
        </test-method> <!-- departments -->
        <test-method is-config="true" signature="tearDown()[pri:0, instance:com.access.testcases.Department_Reg_tc_87@28194a50]" started-at="2022-07-07T19:54:57 IST" name="tearDown" finished-at="2022-07-07T19:54:57 IST" duration-ms="270" status="PASS">
          <reporter-output>
          </reporter-output>
        </test-method> <!-- tearDown -->
      </class> <!-- com.access.testcases.Department_Reg_tc_87 -->
      <class name="com.access.testcases.Department_tc_57">
        <test-method is-config="true" signature="setup()[pri:0, instance:com.access.testcases.Department_tc_57@13526e59]" started-at="2022-07-07T19:18:42 IST" name="setup" finished-at="2022-07-07T19:18:51 IST" duration-ms="9063" status="PASS">
          <reporter-output>
          </reporter-output>
        </test-method> <!-- setup -->
        <test-method signature="departments()[pri:0, instance:com.access.testcases.Department_tc_57@13526e59]" started-at="2022-07-07T19:18:51 IST" name="departments" finished-at="2022-07-07T19:19:55 IST" duration-ms="63229" status="PASS">
          <reporter-output>
          </reporter-output>
        </test-method> <!-- departments -->
        <test-method is-config="true" signature="tearDown()[pri:0, instance:com.access.testcases.Department_tc_57@13526e59]" started-at="2022-07-07T19:19:55 IST" name="tearDown" finished-at="2022-07-07T19:19:55 IST" duration-ms="309" status="PASS">
          <reporter-output>
          </reporter-output>
        </test-method> <!-- tearDown -->
      </class> <!-- com.access.testcases.Department_tc_57 -->
      <class name="com.access.testcases.Department_pop_tc_70">
        <test-method is-config="true" signature="setup()[pri:0, instance:com.access.testcases.Department_pop_tc_70@1a5a4e19]" started-at="2022-07-07T19:36:22 IST" name="setup" finished-at="2022-07-07T19:36:31 IST" duration-ms="9427" status="PASS">
          <reporter-output>
          </reporter-output>
        </test-method> <!-- setup -->
        <test-method signature="departments()[pri:0, instance:com.access.testcases.Department_pop_tc_70@1a5a4e19]" started-at="2022-07-07T19:36:31 IST" name="departments" finished-at="2022-07-07T19:37:36 IST" duration-ms="64447" status="PASS">
          <reporter-output>
          </reporter-output>
        </test-method> <!-- departments -->
        <test-method is-config="true" signature="tearDown()[pri:0, instance:com.access.testcases.Department_pop_tc_70@1a5a4e19]" started-at="2022-07-07T19:37:36 IST" name="tearDown" finished-at="2022-07-07T19:37:36 IST" duration-ms="309" status="PASS">
          <reporter-output>
          </reporter-output>
        </test-method> <!-- tearDown -->
      </class> <!-- com.access.testcases.Department_pop_tc_70 -->
      <class name="com.access.testcases.Department_Reg_tc_88">
        <test-method is-config="true" signature="setup()[pri:0, instance:com.access.testcases.Department_Reg_tc_88@7f2cfe3f]" started-at="2022-07-07T19:54:57 IST" name="setup" finished-at="2022-07-07T19:55:06 IST" duration-ms="8894" status="PASS">
          <reporter-output>
          </reporter-output>
        </test-method> <!-- setup -->
        <test-method signature="departments()[pri:0, instance:com.access.testcases.Department_Reg_tc_88@7f2cfe3f]" started-at="2022-07-07T19:55:06 IST" name="departments" finished-at="2022-07-07T19:56:13 IST" duration-ms="67290" status="PASS">
          <reporter-output>
          </reporter-output>
        </test-method> <!-- departments -->
        <test-method is-config="true" signature="tearDown()[pri:0, instance:com.access.testcases.Department_Reg_tc_88@7f2cfe3f]" started-at="2022-07-07T19:56:13 IST" name="tearDown" finished-at="2022-07-07T19:56:13 IST" duration-ms="377" status="PASS">
          <reporter-output>
          </reporter-output>
        </test-method> <!-- tearDown -->
      </class> <!-- com.access.testcases.Department_Reg_tc_88 -->
      <class name="com.access.testcases.Department_tc_54">
        <test-method is-config="true" signature="setup()[pri:0, instance:com.access.testcases.Department_tc_54@15d49048]" started-at="2022-07-07T19:13:45 IST" name="setup" finished-at="2022-07-07T19:14:00 IST" duration-ms="14816" status="PASS">
          <reporter-output>
          </reporter-output>
        </test-method> <!-- setup -->
        <test-method signature="departments()[pri:0, instance:com.access.testcases.Department_tc_54@15d49048]" started-at="2022-07-07T19:14:00 IST" name="departments" finished-at="2022-07-07T19:15:11 IST" duration-ms="70604" status="PASS">
          <reporter-output>
          </reporter-output>
        </test-method> <!-- departments -->
        <test-method is-config="true" signature="tearDown()[pri:0, instance:com.access.testcases.Department_tc_54@15d49048]" started-at="2022-07-07T19:15:11 IST" name="tearDown" finished-at="2022-07-07T19:15:11 IST" duration-ms="294" status="PASS">
          <reporter-output>
          </reporter-output>
        </test-method> <!-- tearDown -->
      </class> <!-- com.access.testcases.Department_tc_54 -->
      <class name="com.access.testcases.Department_tc_55">
        <test-method is-config="true" signature="setup()[pri:0, instance:com.access.testcases.Department_tc_55@7098b907]" started-at="2022-07-07T19:15:11 IST" name="setup" finished-at="2022-07-07T19:15:20 IST" duration-ms="9203" status="PASS">
          <reporter-output>
          </reporter-output>
        </test-method> <!-- setup -->
        <test-method signature="departments()[pri:0, instance:com.access.testcases.Department_tc_55@7098b907]" started-at="2022-07-07T19:15:20 IST" name="departments" finished-at="2022-07-07T19:17:24 IST" duration-ms="124164" status="FAIL">
          <exception class="org.openqa.selenium.NoSuchElementException">
            <message>
              <![CDATA[Timed out after 10 seconds. Unable to locate the element]]>
            </message>
            <full-stacktrace>
              <![CDATA[org.openqa.selenium.NoSuchElementException: Timed out after 10 seconds. Unable to locate the element
at org.openqa.selenium.support.pagefactory.AjaxElementLocator.findElement(AjaxElementLocator.java:99)
at org.openqa.selenium.support.pagefactory.internal.LocatingElementHandler.invoke(LocatingElementHandler.java:39)
at jdk.proxy2/jdk.proxy2.$Proxy14.click(Unknown Source)
at com.access.pageobject.Departments.documentsviewdtl(Departments.java:1945)
at com.access.testcases.Department_tc_55.departments(Department_tc_55.java:58)
at java.base/jdk.internal.reflect.NativeMethodAccessorImpl.invoke0(Native Method)
at java.base/jdk.internal.reflect.NativeMethodAccessorImpl.invoke(NativeMethodAccessorImpl.java:77)
at java.base/jdk.internal.reflect.DelegatingMethodAccessorImpl.invoke(DelegatingMethodAccessorImpl.java:43)
at java.base/java.lang.reflect.Method.invoke(Method.java:568)
at org.testng.internal.invokers.MethodInvocationHelper.invokeMethod(MethodInvocationHelper.java:135)
at org.testng.internal.invokers.TestInvoker.invokeMethod(TestInvoker.java:673)
at org.testng.internal.invokers.TestInvoker.invokeTestMethod(TestInvoker.java:220)
at org.testng.internal.invokers.MethodRunner.runInSequence(MethodRunner.java:50)
at org.testng.internal.invokers.TestInvoker$MethodInvocationAgent.invoke(TestInvoker.java:945)
at org.testng.internal.invokers.TestInvoker.invokeTestMethods(TestInvoker.java:193)
at org.testng.internal.invokers.TestMethodWorker.invokeTestMethods(TestMethodWorker.java:146)
at org.testng.internal.invokers.TestMethodWorker.run(TestMethodWorker.java:128)
at java.base/java.util.ArrayList.forEach(ArrayList.java:1511)
at org.testng.TestRunner.privateRun(TestRunner.java:808)
at org.testng.TestRunner.run(TestRunner.java:603)
at org.testng.SuiteRunner.runTest(SuiteRunner.java:429)
at org.testng.SuiteRunner.runSequentially(SuiteRunner.java:423)
at org.testng.SuiteRunner.privateRun(SuiteRunner.java:383)
at org.testng.SuiteRunner.run(SuiteRunner.java:326)
at org.testng.SuiteRunnerWorker.runSuite(SuiteRunnerWorker.java:52)
at org.testng.SuiteRunnerWorker.run(SuiteRunnerWorker.java:95)
at org.testng.TestNG.runSuitesSequentially(TestNG.java:1249)
at org.testng.TestNG.runSuitesLocally(TestNG.java:1169)
at org.testng.TestNG.runSuites(TestNG.java:1092)
at org.testng.TestNG.run(TestNG.java:1060)
at org.apache.maven.surefire.testng.TestNGExecutor.run(TestNGExecutor.java:324)
at org.apache.maven.surefire.testng.TestNGXmlTestSuite.execute(TestNGXmlTestSuite.java:74)
at org.apache.maven.surefire.testng.TestNGProvider.invoke(TestNGProvider.java:123)
at org.apache.maven.surefire.booter.ForkedBooter.runSuitesInProcess(ForkedBooter.java:456)
at org.apache.maven.surefire.booter.ForkedBooter.execute(ForkedBooter.java:169)
at org.apache.maven.surefire.booter.ForkedBooter.run(ForkedBooter.java:595)
at org.apache.maven.surefire.booter.ForkedBooter.main(ForkedBooter.java:581)
Caused by: org.openqa.selenium.NoSuchElementException: no such element: Unable to locate element: {"method":"xpath","selector":"/html/body/main/div[1]/dash1/dash-item[7]/section/div/section/article[2]/button"}
  (Session info: chrome=103.0.5060.114)
For documentation on this error, please visit: https://selenium.dev/exceptions/#no_such_element
Build info: version: '4.2.1', revision: 'ac4d0fdd4a'
System info: host: 'DESKTOP-6JA79DF', ip: '192.168.1.19', os.name: 'Windows 10', os.arch: 'amd64', os.version: '10.0', java.version: '17.0.2'
Driver info: org.openqa.selenium.chrome.ChromeDriver
Command: [9a8a22e9ef8628a30554f690351fa4a1, findElement {using=xpath, value=/html/body/main/div[1]/dash1/dash-item[7]/section/div/section/article[2]/button}]
Capabilities {acceptInsecureCerts: false, browserName: chrome, browserVersion: 103.0.5060.114, chrome: {chromedriverVersion: 102.0.5005.61 (0e59bcc00cc4..., userDataDir: C:\Users\ATM\AppData\Local\...}, goog:chromeOptions: {debuggerAddress: localhost:54581}, networkConnectionEnabled: false, pageLoadStrategy: normal, platformName: WINDOWS, proxy: Proxy(), se:cdp: ws://localhost:54581/devtoo..., se:cdpVersion: 103.0.5060.114, setWindowRect: true, strictFileInteractability: false, timeouts: {implicit: 0, pageLoad: 300000, script: 30000}, unhandledPromptBehavior: dismiss and notify, webauthn:extension:credBlob: true, webauthn:extension:largeBlob: true, webauthn:virtualAuthenticators: true}
Session ID: 9a8a22e9ef8628a30554f690351fa4a1
at java.base/jdk.internal.reflect.NativeConstructorAccessorImpl.newInstance0(Native Method)
at java.base/jdk.internal.reflect.NativeConstructorAccessorImpl.newInstance(NativeConstructorAccessorImpl.java:77)
at java.base/jdk.internal.reflect.DelegatingConstructorAccessorImpl.newInstance(DelegatingConstructorAccessorImpl.java:45)
at java.base/java.lang.reflect.Constructor.newInstanceWithCaller(Constructor.java:499)
at java.base/java.lang.reflect.Constructor.newInstance(Constructor.java:480)
at org.openqa.selenium.remote.codec.w3c.W3CHttpResponseCodec.createException(W3CHttpResponseCodec.java:200)
at org.openqa.selenium.remote.codec.w3c.W3CHttpResponseCodec.decode(W3CHttpResponseCodec.java:133)
at org.openqa.selenium.remote.codec.w3c.W3CHttpResponseCodec.decode(W3CHttpResponseCodec.java:53)
at org.openqa.selenium.remote.HttpCommandExecutor.execute(HttpCommandExecutor.java:184)
at org.openqa.selenium.remote.service.DriverCommandExecutor.invokeExecute(DriverCommandExecutor.java:167)
at org.openqa.selenium.remote.service.DriverCommandExecutor.execute(DriverCommandExecutor.java:142)
at org.openqa.selenium.remote.RemoteWebDriver.execute(RemoteWebDriver.java:551)
at org.openqa.selenium.remote.ElementLocation$ElementFinder$2.findElement(ElementLocation.java:162)
at org.openqa.selenium.remote.ElementLocation.findElement(ElementLocation.java:60)
at org.openqa.selenium.remote.RemoteWebDriver.findElement(RemoteWebDriver.java:369)
at org.openqa.selenium.remote.RemoteWebDriver.findElement(RemoteWebDriver.java:361)
at org.openqa.selenium.support.pagefactory.DefaultElementLocator.findElement(DefaultElementLocator.java:70)
at org.openqa.selenium.support.pagefactory.AjaxElementLocator.access$001(AjaxElementLocator.java:39)
at org.openqa.selenium.support.pagefactory.AjaxElementLocator$SlowLoadingElement.isLoaded(AjaxElementLocator.java:165)
at org.openqa.selenium.support.ui.SlowLoadableComponent.get(SlowLoadableComponent.java:72)
at org.openqa.selenium.support.pagefactory.AjaxElementLocator.findElement(AjaxElementLocator.java:95)
... 36 more
]]>
            </full-stacktrace>
          </exception> <!-- org.openqa.selenium.NoSuchElementException -->
          <reporter-output>
          </reporter-output>
        </test-method> <!-- departments -->
        <test-method is-config="true" signature="tearDown()[pri:0, instance:com.access.testcases.Department_tc_55@7098b907]" started-at="2022-07-07T19:17:24 IST" name="tearDown" finished-at="2022-07-07T19:17:24 IST" duration-ms="253" status="PASS">
          <reporter-output>
          </reporter-output>
        </test-method> <!-- tearDown -->
      </class> <!-- com.access.testcases.Department_tc_55 -->
      <class name="com.access.testcases.Department_Reg_tc_89">
        <test-method is-config="true" signature="setup()[pri:0, instance:com.access.testcases.Department_Reg_tc_89@1a5b6f42]" started-at="2022-07-07T19:56:13 IST" name="setup" finished-at="2022-07-07T19:56:23 IST" duration-ms="9992" status="PASS">
          <reporter-output>
          </reporter-output>
        </test-method> <!-- setup -->
        <test-method signature="departments()[pri:0, instance:com.access.testcases.Department_Reg_tc_89@1a5b6f42]" started-at="2022-07-07T19:56:23 IST" name="departments" finished-at="2022-07-07T19:57:08 IST" duration-ms="44369" status="PASS">
          <reporter-output>
          </reporter-output>
        </test-method> <!-- departments -->
        <test-method is-config="true" signature="tearDown()[pri:0, instance:com.access.testcases.Department_Reg_tc_89@1a5b6f42]" started-at="2022-07-07T19:57:08 IST" name="tearDown" finished-at="2022-07-07T19:57:08 IST" duration-ms="357" status="PASS">
          <reporter-output>
          </reporter-output>
        </test-method> <!-- tearDown -->
      </class> <!-- com.access.testcases.Department_Reg_tc_89 -->
      <class name="com.access.testcases.Department_pop_tc_72">
        <test-method is-config="true" signature="setup()[pri:0, instance:com.access.testcases.Department_pop_tc_72@60db1c0e]" started-at="2022-07-07T19:38:14 IST" name="setup" finished-at="2022-07-07T19:38:30 IST" duration-ms="16202" status="PASS">
          <reporter-output>
          </reporter-output>
        </test-method> <!-- setup -->
        <test-method signature="departments()[pri:0, instance:com.access.testcases.Department_pop_tc_72@60db1c0e]" started-at="2022-07-07T19:38:30 IST" name="departments" finished-at="2022-07-07T19:38:52 IST" duration-ms="22090" status="FAIL">
          <exception class="org.openqa.selenium.StaleElementReferenceException">
            <message>
              <![CDATA[stale element reference: element is not attached to the page document
  (Session info: chrome=103.0.5060.114)
For documentation on this error, please visit: https://selenium.dev/exceptions/#stale_element_reference
Build info: version: '4.2.1', revision: 'ac4d0fdd4a'
System info: host: 'DESKTOP-6JA79DF', ip: '192.168.1.19', os.name: 'Windows 10', os.arch: 'amd64', os.version: '10.0', java.version: '17.0.2'
Driver info: org.openqa.selenium.chrome.ChromeDriver
Command: [00896fb4a8c8e8779b55b65ad71351fc, clickElement {id=1ebde254-9909-47ad-87d6-e6f53b3b232d}]
Capabilities {acceptInsecureCerts: false, browserName: chrome, browserVersion: 103.0.5060.114, chrome: {chromedriverVersion: 102.0.5005.61 (0e59bcc00cc4..., userDataDir: C:\Users\ATM\AppData\Local\...}, goog:chromeOptions: {debuggerAddress: localhost:49822}, networkConnectionEnabled: false, pageLoadStrategy: normal, platformName: WINDOWS, proxy: Proxy(), se:cdp: ws://localhost:49822/devtoo..., se:cdpVersion: 103.0.5060.114, setWindowRect: true, strictFileInteractability: false, timeouts: {implicit: 0, pageLoad: 300000, script: 30000}, unhandledPromptBehavior: dismiss and notify, webauthn:extension:credBlob: true, webauthn:extension:largeBlob: true, webauthn:virtualAuthenticators: true}
Element: [[ChromeDriver: chrome on WINDOWS (00896fb4a8c8e8779b55b65ad71351fc)] -> xpath: /html/body/navbar/header/div/div/div[2]/ul[1]/li[2]/a]
Session ID: 00896fb4a8c8e8779b55b65ad71351fc]]>
            </message>
            <full-stacktrace>
              <![CDATA[org.openqa.selenium.StaleElementReferenceException: stale element reference: element is not attached to the page document
  (Session info: chrome=103.0.5060.114)
For documentation on this error, please visit: https://selenium.dev/exceptions/#stale_element_reference
Build info: version: '4.2.1', revision: 'ac4d0fdd4a'
System info: host: 'DESKTOP-6JA79DF', ip: '192.168.1.19', os.name: 'Windows 10', os.arch: 'amd64', os.version: '10.0', java.version: '17.0.2'
Driver info: org.openqa.selenium.chrome.ChromeDriver
Command: [00896fb4a8c8e8779b55b65ad71351fc, clickElement {id=1ebde254-9909-47ad-87d6-e6f53b3b232d}]
Capabilities {acceptInsecureCerts: false, browserName: chrome, browserVersion: 103.0.5060.114, chrome: {chromedriverVersion: 102.0.5005.61 (0e59bcc00cc4..., userDataDir: C:\Users\ATM\AppData\Local\...}, goog:chromeOptions: {debuggerAddress: localhost:49822}, networkConnectionEnabled: false, pageLoadStrategy: normal, platformName: WINDOWS, proxy: Proxy(), se:cdp: ws://localhost:49822/devtoo..., se:cdpVersion: 103.0.5060.114, setWindowRect: true, strictFileInteractability: false, timeouts: {implicit: 0, pageLoad: 300000, script: 30000}, unhandledPromptBehavior: dismiss and notify, webauthn:extension:credBlob: true, webauthn:extension:largeBlob: true, webauthn:virtualAuthenticators: true}
Element: [[ChromeDriver: chrome on WINDOWS (00896fb4a8c8e8779b55b65ad71351fc)] -> xpath: /html/body/navbar/header/div/div/div[2]/ul[1]/li[2]/a]
Session ID: 00896fb4a8c8e8779b55b65ad71351fc
at java.base/jdk.internal.reflect.NativeConstructorAccessorImpl.newInstance0(Native Method)
at java.base/jdk.internal.reflect.NativeConstructorAccessorImpl.newInstance(NativeConstructorAccessorImpl.java:77)
at java.base/jdk.internal.reflect.DelegatingConstructorAccessorImpl.newInstance(DelegatingConstructorAccessorImpl.java:45)
at java.base/java.lang.reflect.Constructor.newInstanceWithCaller(Constructor.java:499)
at java.base/java.lang.reflect.Constructor.newInstance(Constructor.java:480)
at org.openqa.selenium.remote.codec.w3c.W3CHttpResponseCodec.createException(W3CHttpResponseCodec.java:200)
at org.openqa.selenium.remote.codec.w3c.W3CHttpResponseCodec.decode(W3CHttpResponseCodec.java:133)
at org.openqa.selenium.remote.codec.w3c.W3CHttpResponseCodec.decode(W3CHttpResponseCodec.java:53)
at org.openqa.selenium.remote.HttpCommandExecutor.execute(HttpCommandExecutor.java:184)
at org.openqa.selenium.remote.service.DriverCommandExecutor.invokeExecute(DriverCommandExecutor.java:167)
at org.openqa.selenium.remote.service.DriverCommandExecutor.execute(DriverCommandExecutor.java:142)
at org.openqa.selenium.remote.RemoteWebDriver.execute(RemoteWebDriver.java:551)
at org.openqa.selenium.remote.RemoteWebElement.execute(RemoteWebElement.java:257)
at org.openqa.selenium.remote.RemoteWebElement.click(RemoteWebElement.java:78)
at jdk.internal.reflect.GeneratedMethodAccessor1.invoke(Unknown Source)
at java.base/jdk.internal.reflect.DelegatingMethodAccessorImpl.invoke(DelegatingMethodAccessorImpl.java:43)
at java.base/java.lang.reflect.Method.invoke(Method.java:568)
at org.openqa.selenium.support.pagefactory.internal.LocatingElementHandler.invoke(LocatingElementHandler.java:52)
at jdk.proxy2/jdk.proxy2.$Proxy14.click(Unknown Source)
at com.access.pageobject.AdmUser.registration(AdmUser.java:464)
at com.access.testcases.Department_pop_tc_72.departments(Department_pop_tc_72.java:33)
at java.base/jdk.internal.reflect.NativeMethodAccessorImpl.invoke0(Native Method)
at java.base/jdk.internal.reflect.NativeMethodAccessorImpl.invoke(NativeMethodAccessorImpl.java:77)
at java.base/jdk.internal.reflect.DelegatingMethodAccessorImpl.invoke(DelegatingMethodAccessorImpl.java:43)
at java.base/java.lang.reflect.Method.invoke(Method.java:568)
at org.testng.internal.invokers.MethodInvocationHelper.invokeMethod(MethodInvocationHelper.java:135)
at org.testng.internal.invokers.TestInvoker.invokeMethod(TestInvoker.java:673)
at org.testng.internal.invokers.TestInvoker.invokeTestMethod(TestInvoker.java:220)
at org.testng.internal.invokers.MethodRunner.runInSequence(MethodRunner.java:50)
at org.testng.internal.invokers.TestInvoker$MethodInvocationAgent.invoke(TestInvoker.java:945)
at org.testng.internal.invokers.TestInvoker.invokeTestMethods(TestInvoker.java:193)
at org.testng.internal.invokers.TestMethodWorker.invokeTestMethods(TestMethodWorker.java:146)
at org.testng.internal.invokers.TestMethodWorker.run(TestMethodWorker.java:128)
at java.base/java.util.ArrayList.forEach(ArrayList.java:1511)
at org.testng.TestRunner.privateRun(TestRunner.java:808)
at org.testng.TestRunner.run(TestRunner.java:603)
at org.testng.SuiteRunner.runTest(SuiteRunner.java:429)
at org.testng.SuiteRunner.runSequentially(SuiteRunner.java:423)
at org.testng.SuiteRunner.privateRun(SuiteRunner.java:383)
at org.testng.SuiteRunner.run(SuiteRunner.java:326)
at org.testng.SuiteRunnerWorker.runSuite(SuiteRunnerWorker.java:52)
at org.testng.SuiteRunnerWorker.run(SuiteRunnerWorker.java:95)
at org.testng.TestNG.runSuitesSequentially(TestNG.java:1249)
at org.testng.TestNG.runSuitesLocally(TestNG.java:1169)
at org.testng.TestNG.runSuites(TestNG.java:1092)
at org.testng.TestNG.run(TestNG.java:1060)
at org.apache.maven.surefire.testng.TestNGExecutor.run(TestNGExecutor.java:324)
at org.apache.maven.surefire.testng.TestNGXmlTestSuite.execute(TestNGXmlTestSuite.java:74)
at org.apache.maven.surefire.testng.TestNGProvider.invoke(TestNGProvider.java:123)
at org.apache.maven.surefire.booter.ForkedBooter.runSuitesInProcess(ForkedBooter.java:456)
at org.apache.maven.surefire.booter.ForkedBooter.execute(ForkedBooter.java:169)
at org.apache.maven.surefire.booter.ForkedBooter.run(ForkedBooter.java:595)
at org.apache.maven.surefire.booter.ForkedBooter.main(ForkedBooter.java:581)
]]>
            </full-stacktrace>
          </exception> <!-- org.openqa.selenium.StaleElementReferenceException -->
          <reporter-output>
          </reporter-output>
        </test-method> <!-- departments -->
        <test-method is-config="true" signature="tearDown()[pri:0, instance:com.access.testcases.Department_pop_tc_72@60db1c0e]" started-at="2022-07-07T19:38:52 IST" name="tearDown" finished-at="2022-07-07T19:38:53 IST" duration-ms="1180" status="PASS">
          <reporter-output>
          </reporter-output>
        </test-method> <!-- tearDown -->
      </class> <!-- com.access.testcases.Department_pop_tc_72 -->
      <class name="com.access.testcases.Department_Reg_tc_82">
        <test-method is-config="true" signature="setup()[pri:0, instance:com.access.testcases.Department_Reg_tc_82@3e2055d6]" started-at="2022-07-07T19:46:52 IST" name="setup" finished-at="2022-07-07T19:47:01 IST" duration-ms="9062" status="PASS">
          <reporter-output>
          </reporter-output>
        </test-method> <!-- setup -->
        <test-method signature="departments()[pri:0, instance:com.access.testcases.Department_Reg_tc_82@3e2055d6]" started-at="2022-07-07T19:47:01 IST" name="departments" finished-at="2022-07-07T19:47:47 IST" duration-ms="45872" status="FAIL">
          <exception class="org.openqa.selenium.ElementClickInterceptedException">
            <message>
              <![CDATA[element click intercepted: Element <a href="" class="up ng-scope" ng-click="builder.moveUp(field)" ng-if="$index !== 0"></a> is not clickable at point (1206, 7). Other element would receive the click: <div class="navbar-collapse collapse" uib-collapse="menu.isNavCollapsed" aria-expanded="false" aria-hidden="true" style="height: 0px;">...</div>
  (Session info: chrome=103.0.5060.114)
Build info: version: '4.2.1', revision: 'ac4d0fdd4a'
System info: host: 'DESKTOP-6JA79DF', ip: '192.168.1.19', os.name: 'Windows 10', os.arch: 'amd64', os.version: '10.0', java.version: '17.0.2'
Driver info: org.openqa.selenium.chrome.ChromeDriver
Command: [a7968e2412ec8568c26153cbe6a4c62a, clickElement {id=52f0a9a2-2fff-41e8-aa97-044044aa9764}]
Capabilities {acceptInsecureCerts: false, browserName: chrome, browserVersion: 103.0.5060.114, chrome: {chromedriverVersion: 102.0.5005.61 (0e59bcc00cc4..., userDataDir: C:\Users\ATM\AppData\Local\...}, goog:chromeOptions: {debuggerAddress: localhost:50635}, networkConnectionEnabled: false, pageLoadStrategy: normal, platformName: WINDOWS, proxy: Proxy(), se:cdp: ws://localhost:50635/devtoo..., se:cdpVersion: 103.0.5060.114, setWindowRect: true, strictFileInteractability: false, timeouts: {implicit: 0, pageLoad: 300000, script: 30000}, unhandledPromptBehavior: dismiss and notify, webauthn:extension:credBlob: true, webauthn:extension:largeBlob: true, webauthn:virtualAuthenticators: true}
Element: [[ChromeDriver: chrome on WINDOWS (a7968e2412ec8568c26153cbe6a4c62a)] -> xpath: /html/body/main/div[1]/admin-departments/section/div/div[2]/registration-admin/section/div[1]/field-builder/div/div[4]/header/a[2]]
Session ID: a7968e2412ec8568c26153cbe6a4c62a]]>
            </message>
            <full-stacktrace>
              <![CDATA[org.openqa.selenium.ElementClickInterceptedException: element click intercepted: Element <a href="" class="up ng-scope" ng-click="builder.moveUp(field)" ng-if="$index !== 0"></a> is not clickable at point (1206, 7). Other element would receive the click: <div class="navbar-collapse collapse" uib-collapse="menu.isNavCollapsed" aria-expanded="false" aria-hidden="true" style="height: 0px;">...</div>
  (Session info: chrome=103.0.5060.114)
Build info: version: '4.2.1', revision: 'ac4d0fdd4a'
System info: host: 'DESKTOP-6JA79DF', ip: '192.168.1.19', os.name: 'Windows 10', os.arch: 'amd64', os.version: '10.0', java.version: '17.0.2'
Driver info: org.openqa.selenium.chrome.ChromeDriver
Command: [a7968e2412ec8568c26153cbe6a4c62a, clickElement {id=52f0a9a2-2fff-41e8-aa97-044044aa9764}]
Capabilities {acceptInsecureCerts: false, browserName: chrome, browserVersion: 103.0.5060.114, chrome: {chromedriverVersion: 102.0.5005.61 (0e59bcc00cc4..., userDataDir: C:\Users\ATM\AppData\Local\...}, goog:chromeOptions: {debuggerAddress: localhost:50635}, networkConnectionEnabled: false, pageLoadStrategy: normal, platformName: WINDOWS, proxy: Proxy(), se:cdp: ws://localhost:50635/devtoo..., se:cdpVersion: 103.0.5060.114, setWindowRect: true, strictFileInteractability: false, timeouts: {implicit: 0, pageLoad: 300000, script: 30000}, unhandledPromptBehavior: dismiss and notify, webauthn:extension:credBlob: true, webauthn:extension:largeBlob: true, webauthn:virtualAuthenticators: true}
Element: [[ChromeDriver: chrome on WINDOWS (a7968e2412ec8568c26153cbe6a4c62a)] -> xpath: /html/body/main/div[1]/admin-departments/section/div/div[2]/registration-admin/section/div[1]/field-builder/div/div[4]/header/a[2]]
Session ID: a7968e2412ec8568c26153cbe6a4c62a
at java.base/jdk.internal.reflect.NativeConstructorAccessorImpl.newInstance0(Native Method)
at java.base/jdk.internal.reflect.NativeConstructorAccessorImpl.newInstance(NativeConstructorAccessorImpl.java:77)
at java.base/jdk.internal.reflect.DelegatingConstructorAccessorImpl.newInstance(DelegatingConstructorAccessorImpl.java:45)
at java.base/java.lang.reflect.Constructor.newInstanceWithCaller(Constructor.java:499)
at java.base/java.lang.reflect.Constructor.newInstance(Constructor.java:480)
at org.openqa.selenium.remote.codec.w3c.W3CHttpResponseCodec.createException(W3CHttpResponseCodec.java:200)
at org.openqa.selenium.remote.codec.w3c.W3CHttpResponseCodec.decode(W3CHttpResponseCodec.java:133)
at org.openqa.selenium.remote.codec.w3c.W3CHttpResponseCodec.decode(W3CHttpResponseCodec.java:53)
at org.openqa.selenium.remote.HttpCommandExecutor.execute(HttpCommandExecutor.java:184)
at org.openqa.selenium.remote.service.DriverCommandExecutor.invokeExecute(DriverCommandExecutor.java:167)
at org.openqa.selenium.remote.service.DriverCommandExecutor.execute(DriverCommandExecutor.java:142)
at org.openqa.selenium.remote.RemoteWebDriver.execute(RemoteWebDriver.java:551)
at org.openqa.selenium.remote.RemoteWebElement.execute(RemoteWebElement.java:257)
at org.openqa.selenium.remote.RemoteWebElement.click(RemoteWebElement.java:78)
at jdk.internal.reflect.GeneratedMethodAccessor1.invoke(Unknown Source)
at java.base/jdk.internal.reflect.DelegatingMethodAccessorImpl.invoke(DelegatingMethodAccessorImpl.java:43)
at java.base/java.lang.reflect.Method.invoke(Method.java:568)
at org.openqa.selenium.support.pagefactory.internal.LocatingElementHandler.invoke(LocatingElementHandler.java:52)
at jdk.proxy2/jdk.proxy2.$Proxy14.click(Unknown Source)
at com.access.pageobject.Departments.regupperbtnclk(Departments.java:2595)
at com.access.testcases.Department_Reg_tc_82.departments(Department_Reg_tc_82.java:46)
at java.base/jdk.internal.reflect.NativeMethodAccessorImpl.invoke0(Native Method)
at java.base/jdk.internal.reflect.NativeMethodAccessorImpl.invoke(NativeMethodAccessorImpl.java:77)
at java.base/jdk.internal.reflect.DelegatingMethodAccessorImpl.invoke(DelegatingMethodAccessorImpl.java:43)
at java.base/java.lang.reflect.Method.invoke(Method.java:568)
at org.testng.internal.invokers.MethodInvocationHelper.invokeMethod(MethodInvocationHelper.java:135)
at org.testng.internal.invokers.TestInvoker.invokeMethod(TestInvoker.java:673)
at org.testng.internal.invokers.TestInvoker.invokeTestMethod(TestInvoker.java:220)
at org.testng.internal.invokers.MethodRunner.runInSequence(MethodRunner.java:50)
at org.testng.internal.invokers.TestInvoker$MethodInvocationAgent.invoke(TestInvoker.java:945)
at org.testng.internal.invokers.TestInvoker.invokeTestMethods(TestInvoker.java:193)
at org.testng.internal.invokers.TestMethodWorker.invokeTestMethods(TestMethodWorker.java:146)
at org.testng.internal.invokers.TestMethodWorker.run(TestMethodWorker.java:128)
at java.base/java.util.ArrayList.forEach(ArrayList.java:1511)
at org.testng.TestRunner.privateRun(TestRunner.java:808)
at org.testng.TestRunner.run(TestRunner.java:603)
at org.testng.SuiteRunner.runTest(SuiteRunner.java:429)
at org.testng.SuiteRunner.runSequentially(SuiteRunner.java:423)
at org.testng.SuiteRunner.privateRun(SuiteRunner.java:383)
at org.testng.SuiteRunner.run(SuiteRunner.java:326)
at org.testng.SuiteRunnerWorker.runSuite(SuiteRunnerWorker.java:52)
at org.testng.SuiteRunnerWorker.run(SuiteRunnerWorker.java:95)
at org.testng.TestNG.runSuitesSequentially(TestNG.java:1249)
at org.testng.TestNG.runSuitesLocally(TestNG.java:1169)
at org.testng.TestNG.runSuites(TestNG.java:1092)
at org.testng.TestNG.run(TestNG.java:1060)
at org.apache.maven.surefire.testng.TestNGExecutor.run(TestNGExecutor.java:324)
at org.apache.maven.surefire.testng.TestNGXmlTestSuite.execute(TestNGXmlTestSuite.java:74)
at org.apache.maven.surefire.testng.TestNGProvider.invoke(TestNGProvider.java:123)
at org.apache.maven.surefire.booter.ForkedBooter.runSuitesInProcess(ForkedBooter.java:456)
at org.apache.maven.surefire.booter.ForkedBooter.execute(ForkedBooter.java:169)
at org.apache.maven.surefire.booter.ForkedBooter.run(ForkedBooter.java:595)
at org.apache.maven.surefire.booter.ForkedBooter.main(ForkedBooter.java:581)
]]>
            </full-stacktrace>
          </exception> <!-- org.openqa.selenium.ElementClickInterceptedException -->
          <reporter-output>
          </reporter-output>
        </test-method> <!-- departments -->
        <test-method is-config="true" signature="tearDown()[pri:0, instance:com.access.testcases.Department_Reg_tc_82@3e2055d6]" started-at="2022-07-07T19:47:47 IST" name="tearDown" finished-at="2022-07-07T19:47:47 IST" duration-ms="318" status="PASS">
          <reporter-output>
          </reporter-output>
        </test-method> <!-- tearDown -->
      </class> <!-- com.access.testcases.Department_Reg_tc_82 -->
      <class name="com.access.testcases.Department_tc_49">
        <test-method is-config="true" signature="setup()[pri:0, instance:com.access.testcases.Department_tc_49@4f49f6af]" started-at="2022-07-07T19:07:21 IST" name="setup" finished-at="2022-07-07T19:07:29 IST" duration-ms="8439" status="PASS">
          <reporter-output>
          </reporter-output>
        </test-method> <!-- setup -->
        <test-method signature="departments()[pri:0, instance:com.access.testcases.Department_tc_49@4f49f6af]" started-at="2022-07-07T19:07:29 IST" name="departments" finished-at="2022-07-07T19:07:58 IST" duration-ms="29384" status="FAIL">
          <exception class="org.openqa.selenium.NoSuchWindowException">
            <message>
              <![CDATA[no such window: target window already closed
from unknown error: web view not found
  (Session info: chrome=103.0.5060.114)
Build info: version: '4.2.1', revision: 'ac4d0fdd4a'
System info: host: 'DESKTOP-6JA79DF', ip: '192.168.1.19', os.name: 'Windows 10', os.arch: 'amd64', os.version: '10.0', java.version: '17.0.2'
Driver info: org.openqa.selenium.chrome.ChromeDriver
Command: [7eeaffdb5326138e069d4178093f68cf, findElement {using=xpath, value=//*[@id="registration"]/navbar/header/div/div/div[2]/ul[2]/li/ul/section[3]/li/a}]
Capabilities {acceptInsecureCerts: false, browserName: chrome, browserVersion: 103.0.5060.114, chrome: {chromedriverVersion: 102.0.5005.61 (0e59bcc00cc4..., userDataDir: C:\Users\ATM\AppData\Local\...}, goog:chromeOptions: {debuggerAddress: localhost:54047}, networkConnectionEnabled: false, pageLoadStrategy: normal, platformName: WINDOWS, proxy: Proxy(), se:cdp: ws://localhost:54047/devtoo..., se:cdpVersion: 103.0.5060.114, setWindowRect: true, strictFileInteractability: false, timeouts: {implicit: 0, pageLoad: 300000, script: 30000}, unhandledPromptBehavior: dismiss and notify, webauthn:extension:credBlob: true, webauthn:extension:largeBlob: true, webauthn:virtualAuthenticators: true}
Session ID: 7eeaffdb5326138e069d4178093f68cf]]>
            </message>
            <full-stacktrace>
              <![CDATA[org.openqa.selenium.NoSuchWindowException: no such window: target window already closed
from unknown error: web view not found
  (Session info: chrome=103.0.5060.114)
Build info: version: '4.2.1', revision: 'ac4d0fdd4a'
System info: host: 'DESKTOP-6JA79DF', ip: '192.168.1.19', os.name: 'Windows 10', os.arch: 'amd64', os.version: '10.0', java.version: '17.0.2'
Driver info: org.openqa.selenium.chrome.ChromeDriver
Command: [7eeaffdb5326138e069d4178093f68cf, findElement {using=xpath, value=//*[@id="registration"]/navbar/header/div/div/div[2]/ul[2]/li/ul/section[3]/li/a}]
Capabilities {acceptInsecureCerts: false, browserName: chrome, browserVersion: 103.0.5060.114, chrome: {chromedriverVersion: 102.0.5005.61 (0e59bcc00cc4..., userDataDir: C:\Users\ATM\AppData\Local\...}, goog:chromeOptions: {debuggerAddress: localhost:54047}, networkConnectionEnabled: false, pageLoadStrategy: normal, platformName: WINDOWS, proxy: Proxy(), se:cdp: ws://localhost:54047/devtoo..., se:cdpVersion: 103.0.5060.114, setWindowRect: true, strictFileInteractability: false, timeouts: {implicit: 0, pageLoad: 300000, script: 30000}, unhandledPromptBehavior: dismiss and notify, webauthn:extension:credBlob: true, webauthn:extension:largeBlob: true, webauthn:virtualAuthenticators: true}
Session ID: 7eeaffdb5326138e069d4178093f68cf
at java.base/jdk.internal.reflect.NativeConstructorAccessorImpl.newInstance0(Native Method)
at java.base/jdk.internal.reflect.NativeConstructorAccessorImpl.newInstance(NativeConstructorAccessorImpl.java:77)
at java.base/jdk.internal.reflect.DelegatingConstructorAccessorImpl.newInstance(DelegatingConstructorAccessorImpl.java:45)
at java.base/java.lang.reflect.Constructor.newInstanceWithCaller(Constructor.java:499)
at java.base/java.lang.reflect.Constructor.newInstance(Constructor.java:480)
at org.openqa.selenium.remote.codec.w3c.W3CHttpResponseCodec.createException(W3CHttpResponseCodec.java:200)
at org.openqa.selenium.remote.codec.w3c.W3CHttpResponseCodec.decode(W3CHttpResponseCodec.java:133)
at org.openqa.selenium.remote.codec.w3c.W3CHttpResponseCodec.decode(W3CHttpResponseCodec.java:53)
at org.openqa.selenium.remote.HttpCommandExecutor.execute(HttpCommandExecutor.java:184)
at org.openqa.selenium.remote.service.DriverCommandExecutor.invokeExecute(DriverCommandExecutor.java:167)
at org.openqa.selenium.remote.service.DriverCommandExecutor.execute(DriverCommandExecutor.java:142)
at org.openqa.selenium.remote.RemoteWebDriver.execute(RemoteWebDriver.java:551)
at org.openqa.selenium.remote.ElementLocation$ElementFinder$2.findElement(ElementLocation.java:162)
at org.openqa.selenium.remote.ElementLocation.findElement(ElementLocation.java:60)
at org.openqa.selenium.remote.RemoteWebDriver.findElement(RemoteWebDriver.java:369)
at org.openqa.selenium.remote.RemoteWebDriver.findElement(RemoteWebDriver.java:361)
at org.openqa.selenium.support.pagefactory.DefaultElementLocator.findElement(DefaultElementLocator.java:70)
at org.openqa.selenium.support.pagefactory.AjaxElementLocator.access$001(AjaxElementLocator.java:39)
at org.openqa.selenium.support.pagefactory.AjaxElementLocator$SlowLoadingElement.isLoaded(AjaxElementLocator.java:165)
at org.openqa.selenium.support.ui.SlowLoadableComponent.get(SlowLoadableComponent.java:61)
at org.openqa.selenium.support.pagefactory.AjaxElementLocator.findElement(AjaxElementLocator.java:95)
at org.openqa.selenium.support.pagefactory.internal.LocatingElementHandler.invoke(LocatingElementHandler.java:39)
at jdk.proxy2/jdk.proxy2.$Proxy14.click(Unknown Source)
at com.access.pageobject.AdmUser.admlink(AdmUser.java:70)
at com.access.testcases.Department_tc_49.departments(Department_tc_49.java:36)
at java.base/jdk.internal.reflect.NativeMethodAccessorImpl.invoke0(Native Method)
at java.base/jdk.internal.reflect.NativeMethodAccessorImpl.invoke(NativeMethodAccessorImpl.java:77)
at java.base/jdk.internal.reflect.DelegatingMethodAccessorImpl.invoke(DelegatingMethodAccessorImpl.java:43)
at java.base/java.lang.reflect.Method.invoke(Method.java:568)
at org.testng.internal.invokers.MethodInvocationHelper.invokeMethod(MethodInvocationHelper.java:135)
at org.testng.internal.invokers.TestInvoker.invokeMethod(TestInvoker.java:673)
at org.testng.internal.invokers.TestInvoker.invokeTestMethod(TestInvoker.java:220)
at org.testng.internal.invokers.MethodRunner.runInSequence(MethodRunner.java:50)
at org.testng.internal.invokers.TestInvoker$MethodInvocationAgent.invoke(TestInvoker.java:945)
at org.testng.internal.invokers.TestInvoker.invokeTestMethods(TestInvoker.java:193)
at org.testng.internal.invokers.TestMethodWorker.invokeTestMethods(TestMethodWorker.java:146)
at org.testng.internal.invokers.TestMethodWorker.run(TestMethodWorker.java:128)
at java.base/java.util.ArrayList.forEach(ArrayList.java:1511)
at org.testng.TestRunner.privateRun(TestRunner.java:808)
at org.testng.TestRunner.run(TestRunner.java:603)
at org.testng.SuiteRunner.runTest(SuiteRunner.java:429)
at org.testng.SuiteRunner.runSequentially(SuiteRunner.java:423)
at org.testng.SuiteRunner.privateRun(SuiteRunner.java:383)
at org.testng.SuiteRunner.run(SuiteRunner.java:326)
at org.testng.SuiteRunnerWorker.runSuite(SuiteRunnerWorker.java:52)
at org.testng.SuiteRunnerWorker.run(SuiteRunnerWorker.java:95)
at org.testng.TestNG.runSuitesSequentially(TestNG.java:1249)
at org.testng.TestNG.runSuitesLocally(TestNG.java:1169)
at org.testng.TestNG.runSuites(TestNG.java:1092)
at org.testng.TestNG.run(TestNG.java:1060)
at org.apache.maven.surefire.testng.TestNGExecutor.run(TestNGExecutor.java:324)
at org.apache.maven.surefire.testng.TestNGXmlTestSuite.execute(TestNGXmlTestSuite.java:74)
at org.apache.maven.surefire.testng.TestNGProvider.invoke(TestNGProvider.java:123)
at org.apache.maven.surefire.booter.ForkedBooter.runSuitesInProcess(ForkedBooter.java:456)
at org.apache.maven.surefire.booter.ForkedBooter.execute(ForkedBooter.java:169)
at org.apache.maven.surefire.booter.ForkedBooter.run(ForkedBooter.java:595)
at org.apache.maven.surefire.booter.ForkedBooter.main(ForkedBooter.java:581)
]]>
            </full-stacktrace>
          </exception> <!-- org.openqa.selenium.NoSuchWindowException -->
          <reporter-output>
          </reporter-output>
        </test-method> <!-- departments -->
        <test-method is-config="true" signature="tearDown()[pri:0, instance:com.access.testcases.Department_tc_49@4f49f6af]" started-at="2022-07-07T19:07:58 IST" name="tearDown" finished-at="2022-07-07T19:07:59 IST" duration-ms="321" status="PASS">
          <reporter-output>
          </reporter-output>
        </test-method> <!-- tearDown -->
      </class> <!-- com.access.testcases.Department_tc_49 -->
      <class name="com.access.testcases.Department_Reg_tc_83">
        <test-method is-config="true" signature="setup()[pri:0, instance:com.access.testcases.Department_Reg_tc_83@50029372]" started-at="2022-07-07T19:47:47 IST" name="setup" finished-at="2022-07-07T19:47:56 IST" duration-ms="8911" status="PASS">
[...]
          <reporter-output>
          </reporter-output>
        </test-method> <!-- tearDown -->
      </class> <!-- com.access.testcases.Department_tc_12 -->
      <class name="com.access.testcases.Department_tc_13">
        <test-method is-config="true" signature="setup()[pri:0, instance:com.access.testcases.Department_tc_13@798162bc]" started-at="2022-07-07T18:24:00 IST" name="setup" finished-at="2022-07-07T18:24:10 IST" duration-ms="9737" status="PASS">
          <reporter-output>
          </reporter-output>
        </test-method> <!-- setup -->
        <test-method signature="departments()[pri:0, instance:com.access.testcases.Department_tc_13@798162bc]" started-at="2022-07-07T18:24:10 IST" name="departments" finished-at="2022-07-07T18:25:10 IST" duration-ms="60055" status="PASS">
          <reporter-output>
          </reporter-output>
        </test-method> <!-- departments -->
        <test-method is-config="true" signature="tearDown()[pri:0, instance:com.access.testcases.Department_tc_13@798162bc]" started-at="2022-07-07T18:25:10 IST" name="tearDown" finished-at="2022-07-07T18:25:10 IST" duration-ms="374" status="PASS">
          <reporter-output>
          </reporter-output>
        </test-method> <!-- tearDown -->
      </class> <!-- com.access.testcases.Department_tc_13 -->
      <class name="com.access.testcases.Department_tc_10">
        <test-method is-config="true" signature="setup()[pri:0, instance:com.access.testcases.Department_tc_10@1e4f4a5c]" started-at="2022-07-07T18:20:55 IST" name="setup" finished-at="2022-07-07T18:21:02 IST" duration-ms="7703" status="PASS">
          <reporter-output>
          </reporter-output>
        </test-method> <!-- setup -->
        <test-method signature="departments()[pri:0, instance:com.access.testcases.Department_tc_10@1e4f4a5c]" started-at="2022-07-07T18:21:02 IST" name="departments" finished-at="2022-07-07T18:21:41 IST" duration-ms="38466" status="PASS">
          <reporter-output>
          </reporter-output>
        </test-method> <!-- departments -->
        <test-method is-config="true" signature="tearDown()[pri:0, instance:com.access.testcases.Department_tc_10@1e4f4a5c]" started-at="2022-07-07T18:21:41 IST" name="tearDown" finished-at="2022-07-07T18:21:41 IST" duration-ms="312" status="PASS">
          <reporter-output>
          </reporter-output>
        </test-method> <!-- tearDown -->
      </class> <!-- com.access.testcases.Department_tc_10 -->
      <class name="com.access.testcases.Department_tc_11">
        <test-method is-config="true" signature="setup()[pri:0, instance:com.access.testcases.Department_tc_11@37313c65]" started-at="2022-07-07T18:21:41 IST" name="setup" finished-at="2022-07-07T18:21:49 IST" duration-ms="7897" status="PASS">
          <reporter-output>
          </reporter-output>
        </test-method> <!-- setup -->
        <test-method signature="departments()[pri:0, instance:com.access.testcases.Department_tc_11@37313c65]" started-at="2022-07-07T18:21:49 IST" name="departments" finished-at="2022-07-07T18:22:50 IST" duration-ms="61099" status="PASS">
          <reporter-output>
          </reporter-output>
        </test-method> <!-- departments -->
        <test-method is-config="true" signature="tearDown()[pri:0, instance:com.access.testcases.Department_tc_11@37313c65]" started-at="2022-07-07T18:22:50 IST" name="tearDown" finished-at="2022-07-07T18:22:50 IST" duration-ms="362" status="PASS">
          <reporter-output>
          </reporter-output>
        </test-method> <!-- tearDown -->
      </class> <!-- com.access.testcases.Department_tc_11 -->
      <class name="com.access.testcases.Department_tc_20">
        <test-method is-config="true" signature="setup()[pri:0, instance:com.access.testcases.Department_tc_20@1f9f6368]" started-at="2022-07-07T18:32:09 IST" name="setup" finished-at="2022-07-07T18:32:18 IST" duration-ms="8338" status="PASS">
          <reporter-output>
          </reporter-output>
        </test-method> <!-- setup -->
        <test-method signature="departments()[pri:0, instance:com.access.testcases.Department_tc_20@1f9f6368]" started-at="2022-07-07T18:32:18 IST" name="departments" finished-at="2022-07-07T18:33:17 IST" duration-ms="59439" status="PASS">
          <reporter-output>
          </reporter-output>
        </test-method> <!-- departments -->
        <test-method is-config="true" signature="tearDown()[pri:0, instance:com.access.testcases.Department_tc_20@1f9f6368]" started-at="2022-07-07T18:33:17 IST" name="tearDown" finished-at="2022-07-07T18:33:17 IST" duration-ms="296" status="PASS">
          <reporter-output>
          </reporter-output>
        </test-method> <!-- tearDown -->
      </class> <!-- com.access.testcases.Department_tc_20 -->
      <class name="com.access.testcases.Department_tc_23">
        <test-method is-config="true" signature="setup()[pri:0, instance:com.access.testcases.Department_tc_23@49c90a9c]" started-at="2022-07-07T18:35:34 IST" name="setup" finished-at="2022-07-07T18:35:42 IST" duration-ms="8676" status="PASS">
          <reporter-output>
          </reporter-output>
        </test-method> <!-- setup -->
        <test-method signature="departments()[pri:0, instance:com.access.testcases.Department_tc_23@49c90a9c]" started-at="2022-07-07T18:35:42 IST" name="departments" finished-at="2022-07-07T18:36:43 IST" duration-ms="61160" status="PASS">
          <reporter-output>
          </reporter-output>
        </test-method> <!-- departments -->
        <test-method is-config="true" signature="tearDown()[pri:0, instance:com.access.testcases.Department_tc_23@49c90a9c]" started-at="2022-07-07T18:36:43 IST" name="tearDown" finished-at="2022-07-07T18:36:44 IST" duration-ms="378" status="PASS">
          <reporter-output>
          </reporter-output>
        </test-method> <!-- tearDown -->
      </class> <!-- com.access.testcases.Department_tc_23 -->
      <class name="com.access.testcases.Department_tc_24">
        <test-method is-config="true" signature="setup()[pri:0, instance:com.access.testcases.Department_tc_24@2d29b4ee]" started-at="2022-07-07T18:36:44 IST" name="setup" finished-at="2022-07-07T18:36:52 IST" duration-ms="8564" status="PASS">
          <reporter-output>
          </reporter-output>
        </test-method> <!-- setup -->
        <test-method signature="departments()[pri:0, instance:com.access.testcases.Department_tc_24@2d29b4ee]" started-at="2022-07-07T18:36:52 IST" name="departments" finished-at="2022-07-07T18:37:53 IST" duration-ms="60246" status="PASS">
          <reporter-output>
          </reporter-output>
        </test-method> <!-- departments -->
        <test-method is-config="true" signature="tearDown()[pri:0, instance:com.access.testcases.Department_tc_24@2d29b4ee]" started-at="2022-07-07T18:37:53 IST" name="tearDown" finished-at="2022-07-07T18:37:53 IST" duration-ms="311" status="PASS">
          <reporter-output>
          </reporter-output>
        </test-method> <!-- tearDown -->
      </class> <!-- com.access.testcases.Department_tc_24 -->
      <class name="com.access.testcases.Department_tc_21">
        <test-method is-config="true" signature="setup()[pri:0, instance:com.access.testcases.Department_tc_21@1c9b0314]" started-at="2022-07-07T18:33:17 IST" name="setup" finished-at="2022-07-07T18:33:26 IST" duration-ms="8554" status="PASS">
          <reporter-output>
          </reporter-output>
        </test-method> <!-- setup -->
        <test-method signature="departments()[pri:0, instance:com.access.testcases.Department_tc_21@1c9b0314]" started-at="2022-07-07T18:33:26 IST" name="departments" finished-at="2022-07-07T18:34:25 IST" duration-ms="59040" status="PASS">
          <reporter-output>
          </reporter-output>
        </test-method> <!-- departments -->
        <test-method is-config="true" signature="tearDown()[pri:0, instance:com.access.testcases.Department_tc_21@1c9b0314]" started-at="2022-07-07T18:34:25 IST" name="tearDown" finished-at="2022-07-07T18:34:25 IST" duration-ms="317" status="PASS">
          <reporter-output>
          </reporter-output>
        </test-method> <!-- tearDown -->
      </class> <!-- com.access.testcases.Department_tc_21 -->
      <class name="com.access.testcases.Department_tc_22">
        <test-method is-config="true" signature="setup()[pri:0, instance:com.access.testcases.Department_tc_22@45385f75]" started-at="2022-07-07T18:34:25 IST" name="setup" finished-at="2022-07-07T18:34:33 IST" duration-ms="7873" status="PASS">
          <reporter-output>
          </reporter-output>
        </test-method> <!-- setup -->
        <test-method signature="departments()[pri:0, instance:com.access.testcases.Department_tc_22@45385f75]" started-at="2022-07-07T18:34:33 IST" name="departments" finished-at="2022-07-07T18:35:33 IST" duration-ms="60083" status="PASS">
          <reporter-output>
          </reporter-output>
        </test-method> <!-- departments -->
        <test-method is-config="true" signature="tearDown()[pri:0, instance:com.access.testcases.Department_tc_22@45385f75]" started-at="2022-07-07T18:35:33 IST" name="tearDown" finished-at="2022-07-07T18:35:34 IST" duration-ms="375" status="PASS">
          <reporter-output>
          </reporter-output>
        </test-method> <!-- tearDown -->
      </class> <!-- com.access.testcases.Department_tc_22 -->
      <class name="com.access.testcases.Department_tc_16">
        <test-method is-config="true" signature="setup()[pri:0, instance:com.access.testcases.Department_tc_16@7486b455]" started-at="2022-07-07T18:27:31 IST" name="setup" finished-at="2022-07-07T18:27:40 IST" duration-ms="8705" status="PASS">
          <reporter-output>
          </reporter-output>
        </test-method> <!-- setup -->
        <test-method signature="departments()[pri:0, instance:com.access.testcases.Department_tc_16@7486b455]" started-at="2022-07-07T18:27:40 IST" name="departments" finished-at="2022-07-07T18:28:41 IST" duration-ms="60582" status="PASS">
          <reporter-output>
          </reporter-output>
        </test-method> <!-- departments -->
        <test-method is-config="true" signature="tearDown()[pri:0, instance:com.access.testcases.Department_tc_16@7486b455]" started-at="2022-07-07T18:28:41 IST" name="tearDown" finished-at="2022-07-07T18:28:41 IST" duration-ms="312" status="PASS">
          <reporter-output>
          </reporter-output>
        </test-method> <!-- tearDown -->
      </class> <!-- com.access.testcases.Department_tc_16 -->
      <class name="com.access.testcases.Department_tc_17">
        <test-method is-config="true" signature="setup()[pri:0, instance:com.access.testcases.Department_tc_17@660acfb]" started-at="2022-07-07T18:28:41 IST" name="setup" finished-at="2022-07-07T18:28:49 IST" duration-ms="7893" status="PASS">
          <reporter-output>
          </reporter-output>
        </test-method> <!-- setup -->
        <test-method signature="departments()[pri:0, instance:com.access.testcases.Department_tc_17@660acfb]" started-at="2022-07-07T18:28:49 IST" name="departments" finished-at="2022-07-07T18:29:49 IST" duration-ms="60288" status="PASS">
          <reporter-output>
          </reporter-output>
        </test-method> <!-- departments -->
        <test-method is-config="true" signature="tearDown()[pri:0, instance:com.access.testcases.Department_tc_17@660acfb]" started-at="2022-07-07T18:29:49 IST" name="tearDown" finished-at="2022-07-07T18:29:50 IST" duration-ms="372" status="PASS">
          <reporter-output>
          </reporter-output>
        </test-method> <!-- tearDown -->
      </class> <!-- com.access.testcases.Department_tc_17 -->
      <class name="com.access.testcases.Department_tc_14">
        <test-method is-config="true" signature="setup()[pri:0, instance:com.access.testcases.Department_tc_14@1df8da7a]" started-at="2022-07-07T18:25:10 IST" name="setup" finished-at="2022-07-07T18:25:20 IST" duration-ms="9443" status="PASS">
          <reporter-output>
          </reporter-output>
        </test-method> <!-- setup -->
        <test-method signature="departments()[pri:0, instance:com.access.testcases.Department_tc_14@1df8da7a]" started-at="2022-07-07T18:25:20 IST" name="departments" finished-at="2022-07-07T18:26:21 IST" duration-ms="61393" status="PASS">
          <reporter-output>
          </reporter-output>
        </test-method> <!-- departments -->
        <test-method is-config="true" signature="tearDown()[pri:0, instance:com.access.testcases.Department_tc_14@1df8da7a]" started-at="2022-07-07T18:26:21 IST" name="tearDown" finished-at="2022-07-07T18:26:21 IST" duration-ms="249" status="PASS">
          <reporter-output>
          </reporter-output>
        </test-method> <!-- tearDown -->
      </class> <!-- com.access.testcases.Department_tc_14 -->
      <class name="com.access.testcases.Department_tc_15">
        <test-method is-config="true" signature="setup()[pri:0, instance:com.access.testcases.Department_tc_15@23941fb4]" started-at="2022-07-07T18:26:21 IST" name="setup" finished-at="2022-07-07T18:26:30 IST" duration-ms="8949" status="PASS">
          <reporter-output>
          </reporter-output>
        </test-method> <!-- setup -->
        <test-method signature="departments()[pri:0, instance:com.access.testcases.Department_tc_15@23941fb4]" started-at="2022-07-07T18:26:30 IST" name="departments" finished-at="2022-07-07T18:27:31 IST" duration-ms="60663" status="PASS">
          <reporter-output>
          </reporter-output>
        </test-method> <!-- departments -->
        <test-method is-config="true" signature="tearDown()[pri:0, instance:com.access.testcases.Department_tc_15@23941fb4]" started-at="2022-07-07T18:27:31 IST" name="tearDown" finished-at="2022-07-07T18:27:31 IST" duration-ms="375" status="PASS">
          <reporter-output>
          </reporter-output>
        </test-method> <!-- tearDown -->
      </class> <!-- com.access.testcases.Department_tc_15 -->
      <class name="com.access.testcases.Department_tc_18">
        <test-method is-config="true" signature="setup()[pri:0, instance:com.access.testcases.Department_tc_18@5d908d47]" started-at="2022-07-07T18:29:50 IST" name="setup" finished-at="2022-07-07T18:29:58 IST" duration-ms="8295" status="PASS">
          <reporter-output>
          </reporter-output>
        </test-method> <!-- setup -->
        <test-method signature="departments()[pri:0, instance:com.access.testcases.Department_tc_18@5d908d47]" started-at="2022-07-07T18:29:58 IST" name="departments" finished-at="2022-07-07T18:30:59 IST" duration-ms="60757" status="PASS">
          <reporter-output>
          </reporter-output>
        </test-method> <!-- departments -->
        <test-method is-config="true" signature="tearDown()[pri:0, instance:com.access.testcases.Department_tc_18@5d908d47]" started-at="2022-07-07T18:30:59 IST" name="tearDown" finished-at="2022-07-07T18:30:59 IST" duration-ms="373" status="PASS">
          <reporter-output>
          </reporter-output>
        </test-method> <!-- tearDown -->
      </class> <!-- com.access.testcases.Department_tc_18 -->
      <class name="com.access.testcases.Department_tc_19">
        <test-method is-config="true" signature="setup()[pri:0, instance:com.access.testcases.Department_tc_19@5efa40fe]" started-at="2022-07-07T18:30:59 IST" name="setup" finished-at="2022-07-07T18:31:08 IST" duration-ms="8621" status="PASS">
          <reporter-output>
          </reporter-output>
        </test-method> <!-- setup -->
        <test-method signature="departments()[pri:0, instance:com.access.testcases.Department_tc_19@5efa40fe]" started-at="2022-07-07T18:31:08 IST" name="departments" finished-at="2022-07-07T18:32:09 IST" duration-ms="61222" status="PASS">
          <reporter-output>
          </reporter-output>
        </test-method> <!-- departments -->
        <test-method is-config="true" signature="tearDown()[pri:0, instance:com.access.testcases.Department_tc_19@5efa40fe]" started-at="2022-07-07T18:32:09 IST" name="tearDown" finished-at="2022-07-07T18:32:09 IST" duration-ms="319" status="PASS">
          <reporter-output>
          </reporter-output>
        </test-method> <!-- tearDown -->
      </class> <!-- com.access.testcases.Department_tc_19 -->
      <class name="com.access.testcases.Department_Algo_tc_102">
        <test-method is-config="true" signature="setup()[pri:0, instance:com.access.testcases.Department_Algo_tc_102@7d7758be]" started-at="2022-07-07T20:14:02 IST" name="setup" finished-at="2022-07-07T20:14:13 IST" duration-ms="11008" status="PASS">
          <reporter-output>
          </reporter-output>
        </test-method> <!-- setup -->
        <test-method signature="departments()[pri:0, instance:com.access.testcases.Department_Algo_tc_102@7d7758be]" started-at="2022-07-07T20:14:13 IST" name="departments" finished-at="2022-07-07T20:15:29 IST" duration-ms="76137" status="PASS">
          <reporter-output>
          </reporter-output>
        </test-method> <!-- departments -->
        <test-method is-config="true" signature="tearDown()[pri:0, instance:com.access.testcases.Department_Algo_tc_102@7d7758be]" started-at="2022-07-07T20:15:29 IST" name="tearDown" finished-at="2022-07-07T20:15:30 IST" duration-ms="325" status="PASS">
          <reporter-output>
          </reporter-output>
        </test-method> <!-- tearDown -->
      </class> <!-- com.access.testcases.Department_Algo_tc_102 -->
      <class name="com.access.testcases.Department_Algo_tc_100">
        <test-method is-config="true" signature="setup()[pri:0, instance:com.access.testcases.Department_Algo_tc_100@4a07d605]" started-at="2022-07-07T20:11:59 IST" name="setup" finished-at="2022-07-07T20:12:12 IST" duration-ms="12799" status="PASS">
          <reporter-output>
          </reporter-output>
        </test-method> <!-- setup -->
        <test-method signature="departments()[pri:0, instance:com.access.testcases.Department_Algo_tc_100@4a07d605]" started-at="2022-07-07T20:12:12 IST" name="departments" finished-at="2022-07-07T20:13:04 IST" duration-ms="52096" status="PASS">
          <reporter-output>
          </reporter-output>
        </test-method> <!-- departments -->
        <test-method is-config="true" signature="tearDown()[pri:0, instance:com.access.testcases.Department_Algo_tc_100@4a07d605]" started-at="2022-07-07T20:13:04 IST" name="tearDown" finished-at="2022-07-07T20:13:05 IST" duration-ms="327" status="PASS">
          <reporter-output>
          </reporter-output>
        </test-method> <!-- tearDown -->
      </class> <!-- com.access.testcases.Department_Algo_tc_100 -->
      <class name="com.access.testcases.Department_Algo_tc_101">
        <test-method is-config="true" signature="setup()[pri:0, instance:com.access.testcases.Department_Algo_tc_101@74287ea3]" started-at="2022-07-07T20:13:05 IST" name="setup" finished-at="2022-07-07T20:13:13 IST" duration-ms="8544" status="PASS">
          <reporter-output>
          </reporter-output>
        </test-method> <!-- setup -->
        <test-method signature="departments()[pri:0, instance:com.access.testcases.Department_Algo_tc_101@74287ea3]" started-at="2022-07-07T20:13:13 IST" name="departments" finished-at="2022-07-07T20:14:02 IST" duration-ms="48611" status="PASS">
          <reporter-output>
          </reporter-output>
        </test-method> <!-- departments -->
        <test-method is-config="true" signature="tearDown()[pri:0, instance:com.access.testcases.Department_Algo_tc_101@74287ea3]" started-at="2022-07-07T20:14:02 IST" name="tearDown" finished-at="2022-07-07T20:14:02 IST" duration-ms="307" status="PASS">
          <reporter-output>
          </reporter-output>
        </test-method> <!-- tearDown -->
      </class> <!-- com.access.testcases.Department_Algo_tc_101 -->
    </test> <!-- Test -->
  </suite> <!-- Suite -->
</testng-results>
